  Animation.cpp
  AnimatedSprite.cpp
  EnemyFactory.cpp
C:\Users\Issac Rodriguez\Desktop\RPG\GameProjectTwo\GameProjectTwo\OrtoMap.h(161,35): warning C4244: '=': conversion from 'T' to 'T', possible loss of data
          with
          [
              T=int
          ]
          and
          [
              T=float
          ]
C:\Users\Issac Rodriguez\Desktop\RPG\GameProjectTwo\GameProjectTwo\OrtoMap.h(162,35): warning C4244: '=': conversion from 'T' to 'T', possible loss of data
          with
          [
              T=int
          ]
          and
          [
              T=float
          ]
C:\Users\Issac Rodriguez\Desktop\RPG\GameProjectTwo\GameProjectTwo\OrtoMap.h(220,55): warning C4244: 'argument': conversion from 'size_t' to 'T', possible loss of data
          with
          [
              T=float
          ]
C:\Users\Issac Rodriguez\Desktop\RPG\GameProjectTwo\GameProjectTwo\OrtoMap.h(223,89): warning C4244: 'argument': conversion from 'uint32_t' to 'T', possible loss of data
          with
          [
              T=float
          ]
C:\Users\Issac Rodriguez\Desktop\RPG\GameProjectTwo\GameProjectTwo\OrtoMap.h(223,60): warning C4244: 'argument': conversion from 'uint32_t' to 'T', possible loss of data
          with
          [
              T=float
          ]
C:\Users\Issac Rodriguez\Desktop\RPG\GameProjectTwo\GameProjectTwo\OrtoMap.h(230,101): warning C4244: 'argument': conversion from 'T' to 'T', possible loss of data
          with
          [
              T=unsigned int
          ]
          and
          [
              T=float
          ]
C:\Users\Issac Rodriguez\Desktop\RPG\GameProjectTwo\GameProjectTwo\OrtoMap.h(230,171): warning C4244: 'argument': conversion from 'T' to 'T', possible loss of data
          with
          [
              T=unsigned int
          ]
          and
          [
              T=float
          ]
C:\Users\Issac Rodriguez\Desktop\RPG\GameProjectTwo\GameProjectTwo\OrtoMap.h(231,120): warning C4244: 'argument': conversion from 'T' to 'T', possible loss of data
          with
          [
              T=unsigned int
          ]
          and
          [
              T=float
          ]
C:\Users\Issac Rodriguez\Desktop\RPG\GameProjectTwo\GameProjectTwo\OrtoMap.h(231,101): warning C4244: 'argument': conversion from 'T' to 'T', possible loss of data
          with
          [
              T=unsigned int
          ]
          and
          [
              T=float
          ]
C:\Users\Issac Rodriguez\Desktop\RPG\GameProjectTwo\GameProjectTwo\OrtoMap.h(231,204): warning C4244: 'argument': conversion from 'T' to 'T', possible loss of data
          with
          [
              T=unsigned int
          ]
          and
          [
              T=float
          ]
C:\Users\Issac Rodriguez\Desktop\RPG\GameProjectTwo\GameProjectTwo\OrtoMap.h(231,185): warning C4244: 'argument': conversion from 'T' to 'T', possible loss of data
          with
          [
              T=unsigned int
          ]
          and
          [
              T=float
          ]
C:\Users\Issac Rodriguez\Desktop\RPG\GameProjectTwo\GameProjectTwo\OrtoMap.h(232,106): warning C4244: 'argument': conversion from 'T' to 'T', possible loss of data
          with
          [
              T=unsigned int
          ]
          and
          [
              T=float
          ]
C:\Users\Issac Rodriguez\Desktop\RPG\GameProjectTwo\GameProjectTwo\OrtoMap.h(232,176): warning C4244: 'argument': conversion from 'T' to 'T', possible loss of data
          with
          [
              T=unsigned int
          ]
          and
          [
              T=float
          ]
C:\Users\Issac Rodriguez\Desktop\RPG\GameProjectTwo\GameProjectTwo\OrtoMap.h(286,22): warning C4244: 'return': conversion from 'T' to 'int', possible loss of data
          with
          [
              T=float
          ]
C:\Users\Issac Rodriguez\Desktop\RPG\GameProjectTwo\GameProjectTwo\OrtoMap.h(465,25): warning C4244: 'initializing': conversion from 'float' to 'uint32_t', possible loss of data
C:\Users\Issac Rodriguez\Desktop\RPG\GameProjectTwo\GameProjectTwo\OrtoMap.h(466,25): warning C4244: 'initializing': conversion from 'float' to 'uint32_t', possible loss of data
C:\Users\Issac Rodriguez\Desktop\RPG\GameProjectTwo\GameProjectTwo\OrtoMap.h(467,76): warning C4244: '=': conversion from 'T' to 'T', possible loss of data
          with
          [
              T=float
          ]
          and
          [
              T=unsigned int
          ]
C:\Users\Issac Rodriguez\Desktop\RPG\GameProjectTwo\GameProjectTwo\OrtoMap.h(468,76): warning C4244: '=': conversion from 'T' to 'T', possible loss of data
          with
          [
              T=float
          ]
          and
          [
              T=unsigned int
          ]
C:\Users\Issac Rodriguez\Desktop\RPG\GameProjectTwo\GameProjectTwo\Factories\EnemyFactory.cpp(17,69): warning C4244: 'argument': conversion from '_Rep' to 'unsigned int', possible loss of data
          with
          [
              _Rep=__int64
          ]
  Character.cpp
  Block.cpp
C:\Users\Issac Rodriguez\Desktop\RPG\GameProjectTwo\GameProjectTwo\OrtoMap.h(161,35): warning C4244: '=': conversion from 'T' to 'T', possible loss of data
          with
          [
              T=int
          ]
          and
          [
              T=float
          ]
C:\Users\Issac Rodriguez\Desktop\RPG\GameProjectTwo\GameProjectTwo\OrtoMap.h(162,35): warning C4244: '=': conversion from 'T' to 'T', possible loss of data
          with
          [
              T=int
          ]
          and
          [
              T=float
          ]
C:\Users\Issac Rodriguez\Desktop\RPG\GameProjectTwo\GameProjectTwo\OrtoMap.h(220,55): warning C4244: 'argument': conversion from 'size_t' to 'T', possible loss of data
          with
          [
              T=float
          ]
C:\Users\Issac Rodriguez\Desktop\RPG\GameProjectTwo\GameProjectTwo\OrtoMap.h(223,89): warning C4244: 'argument': conversion from 'uint32_t' to 'T', possible loss of data
          with
          [
              T=float
          ]
C:\Users\Issac Rodriguez\Desktop\RPG\GameProjectTwo\GameProjectTwo\OrtoMap.h(223,60): warning C4244: 'argument': conversion from 'uint32_t' to 'T', possible loss of data
          with
          [
              T=float
          ]
C:\Users\Issac Rodriguez\Desktop\RPG\GameProjectTwo\GameProjectTwo\OrtoMap.h(230,101): warning C4244: 'argument': conversion from 'T' to 'T', possible loss of data
          with
          [
              T=unsigned int
          ]
          and
          [
              T=float
          ]
C:\Users\Issac Rodriguez\Desktop\RPG\GameProjectTwo\GameProjectTwo\OrtoMap.h(230,171): warning C4244: 'argument': conversion from 'T' to 'T', possible loss of data
          with
          [
              T=unsigned int
          ]
          and
          [
              T=float
          ]
C:\Users\Issac Rodriguez\Desktop\RPG\GameProjectTwo\GameProjectTwo\OrtoMap.h(231,120): warning C4244: 'argument': conversion from 'T' to 'T', possible loss of data
          with
          [
              T=unsigned int
          ]
          and
          [
              T=float
          ]
C:\Users\Issac Rodriguez\Desktop\RPG\GameProjectTwo\GameProjectTwo\OrtoMap.h(231,101): warning C4244: 'argument': conversion from 'T' to 'T', possible loss of data
          with
          [
              T=unsigned int
          ]
          and
          [
              T=float
          ]
C:\Users\Issac Rodriguez\Desktop\RPG\GameProjectTwo\GameProjectTwo\OrtoMap.h(231,204): warning C4244: 'argument': conversion from 'T' to 'T', possible loss of data
          with
          [
              T=unsigned int
          ]
          and
          [
              T=float
          ]
C:\Users\Issac Rodriguez\Desktop\RPG\GameProjectTwo\GameProjectTwo\OrtoMap.h(231,185): warning C4244: 'argument': conversion from 'T' to 'T', possible loss of data
          with
          [
              T=unsigned int
          ]
          and
          [
              T=float
          ]
C:\Users\Issac Rodriguez\Desktop\RPG\GameProjectTwo\GameProjectTwo\OrtoMap.h(232,106): warning C4244: 'argument': conversion from 'T' to 'T', possible loss of data
          with
          [
              T=unsigned int
          ]
          and
          [
              T=float
          ]
C:\Users\Issac Rodriguez\Desktop\RPG\GameProjectTwo\GameProjectTwo\OrtoMap.h(232,176): warning C4244: 'argument': conversion from 'T' to 'T', possible loss of data
          with
          [
              T=unsigned int
          ]
          and
          [
              T=float
          ]
C:\Users\Issac Rodriguez\Desktop\RPG\GameProjectTwo\GameProjectTwo\OrtoMap.h(286,22): warning C4244: 'return': conversion from 'T' to 'int', possible loss of data
          with
          [
              T=float
          ]
C:\Users\Issac Rodriguez\Desktop\RPG\GameProjectTwo\GameProjectTwo\OrtoMap.h(465,25): warning C4244: 'initializing': conversion from 'float' to 'uint32_t', possible loss of data
C:\Users\Issac Rodriguez\Desktop\RPG\GameProjectTwo\GameProjectTwo\OrtoMap.h(466,25): warning C4244: 'initializing': conversion from 'float' to 'uint32_t', possible loss of data
C:\Users\Issac Rodriguez\Desktop\RPG\GameProjectTwo\GameProjectTwo\OrtoMap.h(467,76): warning C4244: '=': conversion from 'T' to 'T', possible loss of data
          with
          [
              T=float
          ]
          and
          [
              T=unsigned int
          ]
C:\Users\Issac Rodriguez\Desktop\RPG\GameProjectTwo\GameProjectTwo\OrtoMap.h(468,76): warning C4244: '=': conversion from 'T' to 'T', possible loss of data
          with
          [
              T=float
          ]
          and
          [
              T=unsigned int
          ]
C:\Users\Issac Rodriguez\Desktop\RPG\GameProjectTwo\GameProjectTwo\Entities\Characters\ComputerPlayers\Enemies\Block.cpp(90,40): warning C4305: 'argument': truncation from 'double' to 'float'
  CollegeStudent.cpp
C:\Users\Issac Rodriguez\Desktop\RPG\GameProjectTwo\GameProjectTwo\OrtoMap.h(161,35): warning C4244: '=': conversion from 'T' to 'T', possible loss of data
          with
          [
              T=int
          ]
          and
          [
              T=float
          ]
C:\Users\Issac Rodriguez\Desktop\RPG\GameProjectTwo\GameProjectTwo\OrtoMap.h(162,35): warning C4244: '=': conversion from 'T' to 'T', possible loss of data
          with
          [
              T=int
          ]
          and
          [
              T=float
          ]
C:\Users\Issac Rodriguez\Desktop\RPG\GameProjectTwo\GameProjectTwo\OrtoMap.h(220,55): warning C4244: 'argument': conversion from 'size_t' to 'T', possible loss of data
          with
          [
              T=float
          ]
C:\Users\Issac Rodriguez\Desktop\RPG\GameProjectTwo\GameProjectTwo\OrtoMap.h(223,89): warning C4244: 'argument': conversion from 'uint32_t' to 'T', possible loss of data
          with
          [
              T=float
          ]
C:\Users\Issac Rodriguez\Desktop\RPG\GameProjectTwo\GameProjectTwo\OrtoMap.h(223,60): warning C4244: 'argument': conversion from 'uint32_t' to 'T', possible loss of data
          with
          [
              T=float
          ]
C:\Users\Issac Rodriguez\Desktop\RPG\GameProjectTwo\GameProjectTwo\OrtoMap.h(230,101): warning C4244: 'argument': conversion from 'T' to 'T', possible loss of data
          with
          [
              T=unsigned int
          ]
          and
          [
              T=float
          ]
C:\Users\Issac Rodriguez\Desktop\RPG\GameProjectTwo\GameProjectTwo\OrtoMap.h(230,171): warning C4244: 'argument': conversion from 'T' to 'T', possible loss of data
          with
          [
              T=unsigned int
          ]
          and
          [
              T=float
          ]
C:\Users\Issac Rodriguez\Desktop\RPG\GameProjectTwo\GameProjectTwo\OrtoMap.h(231,120): warning C4244: 'argument': conversion from 'T' to 'T', possible loss of data
          with
          [
              T=unsigned int
          ]
          and
          [
              T=float
          ]
C:\Users\Issac Rodriguez\Desktop\RPG\GameProjectTwo\GameProjectTwo\OrtoMap.h(231,101): warning C4244: 'argument': conversion from 'T' to 'T', possible loss of data
          with
          [
              T=unsigned int
          ]
          and
          [
              T=float
          ]
C:\Users\Issac Rodriguez\Desktop\RPG\GameProjectTwo\GameProjectTwo\OrtoMap.h(231,204): warning C4244: 'argument': conversion from 'T' to 'T', possible loss of data
          with
          [
              T=unsigned int
          ]
          and
          [
              T=float
          ]
C:\Users\Issac Rodriguez\Desktop\RPG\GameProjectTwo\GameProjectTwo\OrtoMap.h(231,185): warning C4244: 'argument': conversion from 'T' to 'T', possible loss of data
          with
          [
              T=unsigned int
          ]
          and
          [
              T=float
          ]
C:\Users\Issac Rodriguez\Desktop\RPG\GameProjectTwo\GameProjectTwo\OrtoMap.h(232,106): warning C4244: 'argument': conversion from 'T' to 'T', possible loss of data
          with
          [
              T=unsigned int
          ]
          and
          [
              T=float
          ]
C:\Users\Issac Rodriguez\Desktop\RPG\GameProjectTwo\GameProjectTwo\OrtoMap.h(232,176): warning C4244: 'argument': conversion from 'T' to 'T', possible loss of data
          with
          [
              T=unsigned int
          ]
          and
          [
              T=float
          ]
C:\Users\Issac Rodriguez\Desktop\RPG\GameProjectTwo\GameProjectTwo\OrtoMap.h(286,22): warning C4244: 'return': conversion from 'T' to 'int', possible loss of data
          with
          [
              T=float
          ]
C:\Users\Issac Rodriguez\Desktop\RPG\GameProjectTwo\GameProjectTwo\OrtoMap.h(465,25): warning C4244: 'initializing': conversion from 'float' to 'uint32_t', possible loss of data
C:\Users\Issac Rodriguez\Desktop\RPG\GameProjectTwo\GameProjectTwo\OrtoMap.h(466,25): warning C4244: 'initializing': conversion from 'float' to 'uint32_t', possible loss of data
C:\Users\Issac Rodriguez\Desktop\RPG\GameProjectTwo\GameProjectTwo\OrtoMap.h(467,76): warning C4244: '=': conversion from 'T' to 'T', possible loss of data
          with
          [
              T=float
          ]
          and
          [
              T=unsigned int
          ]
C:\Users\Issac Rodriguez\Desktop\RPG\GameProjectTwo\GameProjectTwo\OrtoMap.h(468,76): warning C4244: '=': conversion from 'T' to 'T', possible loss of data
          with
          [
              T=float
          ]
          and
          [
              T=unsigned int
          ]
C:\Users\Issac Rodriguez\Desktop\RPG\GameProjectTwo\GameProjectTwo\Entities\Characters\ComputerPlayers\Enemies\CollegeStudent.cpp(89,40): warning C4305: 'argument': truncation from 'double' to 'float'
  Dumb.cpp
C:\Users\Issac Rodriguez\Desktop\RPG\GameProjectTwo\GameProjectTwo\OrtoMap.h(161,35): warning C4244: '=': conversion from 'T' to 'T', possible loss of data
          with
          [
              T=int
          ]
          and
          [
              T=float
          ]
C:\Users\Issac Rodriguez\Desktop\RPG\GameProjectTwo\GameProjectTwo\OrtoMap.h(162,35): warning C4244: '=': conversion from 'T' to 'T', possible loss of data
          with
          [
              T=int
          ]
          and
          [
              T=float
          ]
C:\Users\Issac Rodriguez\Desktop\RPG\GameProjectTwo\GameProjectTwo\OrtoMap.h(220,55): warning C4244: 'argument': conversion from 'size_t' to 'T', possible loss of data
          with
          [
              T=float
          ]
C:\Users\Issac Rodriguez\Desktop\RPG\GameProjectTwo\GameProjectTwo\OrtoMap.h(223,89): warning C4244: 'argument': conversion from 'uint32_t' to 'T', possible loss of data
          with
          [
              T=float
          ]
C:\Users\Issac Rodriguez\Desktop\RPG\GameProjectTwo\GameProjectTwo\OrtoMap.h(223,60): warning C4244: 'argument': conversion from 'uint32_t' to 'T', possible loss of data
          with
          [
              T=float
          ]
C:\Users\Issac Rodriguez\Desktop\RPG\GameProjectTwo\GameProjectTwo\OrtoMap.h(230,101): warning C4244: 'argument': conversion from 'T' to 'T', possible loss of data
          with
          [
              T=unsigned int
          ]
          and
          [
              T=float
          ]
C:\Users\Issac Rodriguez\Desktop\RPG\GameProjectTwo\GameProjectTwo\OrtoMap.h(230,171): warning C4244: 'argument': conversion from 'T' to 'T', possible loss of data
          with
          [
              T=unsigned int
          ]
          and
          [
              T=float
          ]
C:\Users\Issac Rodriguez\Desktop\RPG\GameProjectTwo\GameProjectTwo\OrtoMap.h(231,120): warning C4244: 'argument': conversion from 'T' to 'T', possible loss of data
          with
          [
              T=unsigned int
          ]
          and
          [
              T=float
          ]
C:\Users\Issac Rodriguez\Desktop\RPG\GameProjectTwo\GameProjectTwo\OrtoMap.h(231,101): warning C4244: 'argument': conversion from 'T' to 'T', possible loss of data
          with
          [
              T=unsigned int
          ]
          and
          [
              T=float
          ]
C:\Users\Issac Rodriguez\Desktop\RPG\GameProjectTwo\GameProjectTwo\OrtoMap.h(231,204): warning C4244: 'argument': conversion from 'T' to 'T', possible loss of data
          with
          [
              T=unsigned int
          ]
          and
          [
              T=float
          ]
C:\Users\Issac Rodriguez\Desktop\RPG\GameProjectTwo\GameProjectTwo\OrtoMap.h(231,185): warning C4244: 'argument': conversion from 'T' to 'T', possible loss of data
          with
          [
              T=unsigned int
          ]
          and
          [
              T=float
          ]
C:\Users\Issac Rodriguez\Desktop\RPG\GameProjectTwo\GameProjectTwo\OrtoMap.h(232,106): warning C4244: 'argument': conversion from 'T' to 'T', possible loss of data
          with
          [
              T=unsigned int
          ]
          and
          [
              T=float
          ]
C:\Users\Issac Rodriguez\Desktop\RPG\GameProjectTwo\GameProjectTwo\OrtoMap.h(232,176): warning C4244: 'argument': conversion from 'T' to 'T', possible loss of data
          with
          [
              T=unsigned int
          ]
          and
          [
              T=float
          ]
C:\Users\Issac Rodriguez\Desktop\RPG\GameProjectTwo\GameProjectTwo\OrtoMap.h(286,22): warning C4244: 'return': conversion from 'T' to 'int', possible loss of data
          with
          [
              T=float
          ]
C:\Users\Issac Rodriguez\Desktop\RPG\GameProjectTwo\GameProjectTwo\OrtoMap.h(465,25): warning C4244: 'initializing': conversion from 'float' to 'uint32_t', possible loss of data
C:\Users\Issac Rodriguez\Desktop\RPG\GameProjectTwo\GameProjectTwo\OrtoMap.h(466,25): warning C4244: 'initializing': conversion from 'float' to 'uint32_t', possible loss of data
C:\Users\Issac Rodriguez\Desktop\RPG\GameProjectTwo\GameProjectTwo\OrtoMap.h(467,76): warning C4244: '=': conversion from 'T' to 'T', possible loss of data
          with
          [
              T=float
          ]
          and
          [
              T=unsigned int
          ]
C:\Users\Issac Rodriguez\Desktop\RPG\GameProjectTwo\GameProjectTwo\OrtoMap.h(468,76): warning C4244: '=': conversion from 'T' to 'T', possible loss of data
          with
          [
              T=float
          ]
          and
          [
              T=unsigned int
          ]
C:\Users\Issac Rodriguez\Desktop\RPG\GameProjectTwo\GameProjectTwo\Entities\Characters\ComputerPlayers\Enemies\Dumb.cpp(89,40): warning C4305: 'argument': truncation from 'double' to 'float'
  Fish.cpp
C:\Users\Issac Rodriguez\Desktop\RPG\GameProjectTwo\GameProjectTwo\OrtoMap.h(161,35): warning C4244: '=': conversion from 'T' to 'T', possible loss of data
          with
          [
              T=int
          ]
          and
          [
              T=float
          ]
C:\Users\Issac Rodriguez\Desktop\RPG\GameProjectTwo\GameProjectTwo\OrtoMap.h(162,35): warning C4244: '=': conversion from 'T' to 'T', possible loss of data
          with
          [
              T=int
          ]
          and
          [
              T=float
          ]
C:\Users\Issac Rodriguez\Desktop\RPG\GameProjectTwo\GameProjectTwo\OrtoMap.h(220,55): warning C4244: 'argument': conversion from 'size_t' to 'T', possible loss of data
          with
          [
              T=float
          ]
C:\Users\Issac Rodriguez\Desktop\RPG\GameProjectTwo\GameProjectTwo\OrtoMap.h(223,89): warning C4244: 'argument': conversion from 'uint32_t' to 'T', possible loss of data
          with
          [
              T=float
          ]
C:\Users\Issac Rodriguez\Desktop\RPG\GameProjectTwo\GameProjectTwo\OrtoMap.h(223,60): warning C4244: 'argument': conversion from 'uint32_t' to 'T', possible loss of data
          with
          [
              T=float
          ]
C:\Users\Issac Rodriguez\Desktop\RPG\GameProjectTwo\GameProjectTwo\OrtoMap.h(230,101): warning C4244: 'argument': conversion from 'T' to 'T', possible loss of data
          with
          [
              T=unsigned int
          ]
          and
          [
              T=float
          ]
C:\Users\Issac Rodriguez\Desktop\RPG\GameProjectTwo\GameProjectTwo\OrtoMap.h(230,171): warning C4244: 'argument': conversion from 'T' to 'T', possible loss of data
          with
          [
              T=unsigned int
          ]
          and
          [
              T=float
          ]
C:\Users\Issac Rodriguez\Desktop\RPG\GameProjectTwo\GameProjectTwo\OrtoMap.h(231,120): warning C4244: 'argument': conversion from 'T' to 'T', possible loss of data
          with
          [
              T=unsigned int
          ]
          and
          [
              T=float
          ]
C:\Users\Issac Rodriguez\Desktop\RPG\GameProjectTwo\GameProjectTwo\OrtoMap.h(231,101): warning C4244: 'argument': conversion from 'T' to 'T', possible loss of data
          with
          [
              T=unsigned int
          ]
          and
          [
              T=float
          ]
C:\Users\Issac Rodriguez\Desktop\RPG\GameProjectTwo\GameProjectTwo\OrtoMap.h(231,204): warning C4244: 'argument': conversion from 'T' to 'T', possible loss of data
          with
          [
              T=unsigned int
          ]
          and
          [
              T=float
          ]
C:\Users\Issac Rodriguez\Desktop\RPG\GameProjectTwo\GameProjectTwo\OrtoMap.h(231,185): warning C4244: 'argument': conversion from 'T' to 'T', possible loss of data
          with
          [
              T=unsigned int
          ]
          and
          [
              T=float
          ]
C:\Users\Issac Rodriguez\Desktop\RPG\GameProjectTwo\GameProjectTwo\OrtoMap.h(232,106): warning C4244: 'argument': conversion from 'T' to 'T', possible loss of data
          with
          [
              T=unsigned int
          ]
          and
          [
              T=float
          ]
C:\Users\Issac Rodriguez\Desktop\RPG\GameProjectTwo\GameProjectTwo\OrtoMap.h(232,176): warning C4244: 'argument': conversion from 'T' to 'T', possible loss of data
          with
          [
              T=unsigned int
          ]
          and
          [
              T=float
          ]
C:\Users\Issac Rodriguez\Desktop\RPG\GameProjectTwo\GameProjectTwo\OrtoMap.h(286,22): warning C4244: 'return': conversion from 'T' to 'int', possible loss of data
          with
          [
              T=float
          ]
C:\Users\Issac Rodriguez\Desktop\RPG\GameProjectTwo\GameProjectTwo\OrtoMap.h(465,25): warning C4244: 'initializing': conversion from 'float' to 'uint32_t', possible loss of data
C:\Users\Issac Rodriguez\Desktop\RPG\GameProjectTwo\GameProjectTwo\OrtoMap.h(466,25): warning C4244: 'initializing': conversion from 'float' to 'uint32_t', possible loss of data
C:\Users\Issac Rodriguez\Desktop\RPG\GameProjectTwo\GameProjectTwo\OrtoMap.h(467,76): warning C4244: '=': conversion from 'T' to 'T', possible loss of data
          with
          [
              T=float
          ]
          and
          [
              T=unsigned int
          ]
C:\Users\Issac Rodriguez\Desktop\RPG\GameProjectTwo\GameProjectTwo\OrtoMap.h(468,76): warning C4244: '=': conversion from 'T' to 'T', possible loss of data
          with
          [
              T=float
          ]
          and
          [
              T=unsigned int
          ]
C:\Users\Issac Rodriguez\Desktop\RPG\GameProjectTwo\GameProjectTwo\Entities\Characters\ComputerPlayers\Enemies\Fish.cpp(89,40): warning C4305: 'argument': truncation from 'double' to 'float'
  FishTwo.cpp
C:\Users\Issac Rodriguez\Desktop\RPG\GameProjectTwo\GameProjectTwo\OrtoMap.h(161,35): warning C4244: '=': conversion from 'T' to 'T', possible loss of data
          with
          [
              T=int
          ]
          and
          [
              T=float
          ]
C:\Users\Issac Rodriguez\Desktop\RPG\GameProjectTwo\GameProjectTwo\OrtoMap.h(162,35): warning C4244: '=': conversion from 'T' to 'T', possible loss of data
          with
          [
              T=int
          ]
          and
          [
              T=float
          ]
C:\Users\Issac Rodriguez\Desktop\RPG\GameProjectTwo\GameProjectTwo\OrtoMap.h(220,55): warning C4244: 'argument': conversion from 'size_t' to 'T', possible loss of data
          with
          [
              T=float
          ]
C:\Users\Issac Rodriguez\Desktop\RPG\GameProjectTwo\GameProjectTwo\OrtoMap.h(223,89): warning C4244: 'argument': conversion from 'uint32_t' to 'T', possible loss of data
          with
          [
              T=float
          ]
C:\Users\Issac Rodriguez\Desktop\RPG\GameProjectTwo\GameProjectTwo\OrtoMap.h(223,60): warning C4244: 'argument': conversion from 'uint32_t' to 'T', possible loss of data
          with
          [
              T=float
          ]
C:\Users\Issac Rodriguez\Desktop\RPG\GameProjectTwo\GameProjectTwo\OrtoMap.h(230,101): warning C4244: 'argument': conversion from 'T' to 'T', possible loss of data
          with
          [
              T=unsigned int
          ]
          and
          [
              T=float
          ]
C:\Users\Issac Rodriguez\Desktop\RPG\GameProjectTwo\GameProjectTwo\OrtoMap.h(230,171): warning C4244: 'argument': conversion from 'T' to 'T', possible loss of data
          with
          [
              T=unsigned int
          ]
          and
          [
              T=float
          ]
C:\Users\Issac Rodriguez\Desktop\RPG\GameProjectTwo\GameProjectTwo\OrtoMap.h(231,120): warning C4244: 'argument': conversion from 'T' to 'T', possible loss of data
          with
          [
              T=unsigned int
          ]
          and
          [
              T=float
          ]
C:\Users\Issac Rodriguez\Desktop\RPG\GameProjectTwo\GameProjectTwo\OrtoMap.h(231,101): warning C4244: 'argument': conversion from 'T' to 'T', possible loss of data
          with
          [
              T=unsigned int
          ]
          and
          [
              T=float
          ]
C:\Users\Issac Rodriguez\Desktop\RPG\GameProjectTwo\GameProjectTwo\OrtoMap.h(231,204): warning C4244: 'argument': conversion from 'T' to 'T', possible loss of data
          with
          [
              T=unsigned int
          ]
          and
          [
              T=float
          ]
C:\Users\Issac Rodriguez\Desktop\RPG\GameProjectTwo\GameProjectTwo\OrtoMap.h(231,185): warning C4244: 'argument': conversion from 'T' to 'T', possible loss of data
          with
          [
              T=unsigned int
          ]
          and
          [
              T=float
          ]
C:\Users\Issac Rodriguez\Desktop\RPG\GameProjectTwo\GameProjectTwo\OrtoMap.h(232,106): warning C4244: 'argument': conversion from 'T' to 'T', possible loss of data
          with
          [
              T=unsigned int
          ]
          and
          [
              T=float
          ]
C:\Users\Issac Rodriguez\Desktop\RPG\GameProjectTwo\GameProjectTwo\OrtoMap.h(232,176): warning C4244: 'argument': conversion from 'T' to 'T', possible loss of data
          with
          [
              T=unsigned int
          ]
          and
          [
              T=float
          ]
C:\Users\Issac Rodriguez\Desktop\RPG\GameProjectTwo\GameProjectTwo\OrtoMap.h(286,22): warning C4244: 'return': conversion from 'T' to 'int', possible loss of data
          with
          [
              T=float
          ]
C:\Users\Issac Rodriguez\Desktop\RPG\GameProjectTwo\GameProjectTwo\OrtoMap.h(465,25): warning C4244: 'initializing': conversion from 'float' to 'uint32_t', possible loss of data
C:\Users\Issac Rodriguez\Desktop\RPG\GameProjectTwo\GameProjectTwo\OrtoMap.h(466,25): warning C4244: 'initializing': conversion from 'float' to 'uint32_t', possible loss of data
C:\Users\Issac Rodriguez\Desktop\RPG\GameProjectTwo\GameProjectTwo\OrtoMap.h(467,76): warning C4244: '=': conversion from 'T' to 'T', possible loss of data
          with
          [
              T=float
          ]
          and
          [
              T=unsigned int
          ]
C:\Users\Issac Rodriguez\Desktop\RPG\GameProjectTwo\GameProjectTwo\OrtoMap.h(468,76): warning C4244: '=': conversion from 'T' to 'T', possible loss of data
          with
          [
              T=float
          ]
          and
          [
              T=unsigned int
          ]
C:\Users\Issac Rodriguez\Desktop\RPG\GameProjectTwo\GameProjectTwo\Entities\Characters\ComputerPlayers\Enemies\FishTwo.cpp(89,40): warning C4305: 'argument': truncation from 'double' to 'float'
  FlyingRodent.cpp
C:\Users\Issac Rodriguez\Desktop\RPG\GameProjectTwo\GameProjectTwo\OrtoMap.h(161,35): warning C4244: '=': conversion from 'T' to 'T', possible loss of data
          with
          [
              T=int
          ]
          and
          [
              T=float
          ]
C:\Users\Issac Rodriguez\Desktop\RPG\GameProjectTwo\GameProjectTwo\OrtoMap.h(162,35): warning C4244: '=': conversion from 'T' to 'T', possible loss of data
          with
          [
              T=int
          ]
          and
          [
              T=float
          ]
C:\Users\Issac Rodriguez\Desktop\RPG\GameProjectTwo\GameProjectTwo\OrtoMap.h(220,55): warning C4244: 'argument': conversion from 'size_t' to 'T', possible loss of data
          with
          [
              T=float
          ]
C:\Users\Issac Rodriguez\Desktop\RPG\GameProjectTwo\GameProjectTwo\OrtoMap.h(223,89): warning C4244: 'argument': conversion from 'uint32_t' to 'T', possible loss of data
          with
          [
              T=float
          ]
C:\Users\Issac Rodriguez\Desktop\RPG\GameProjectTwo\GameProjectTwo\OrtoMap.h(223,60): warning C4244: 'argument': conversion from 'uint32_t' to 'T', possible loss of data
          with
          [
              T=float
          ]
C:\Users\Issac Rodriguez\Desktop\RPG\GameProjectTwo\GameProjectTwo\OrtoMap.h(230,101): warning C4244: 'argument': conversion from 'T' to 'T', possible loss of data
          with
          [
              T=unsigned int
          ]
          and
          [
              T=float
          ]
C:\Users\Issac Rodriguez\Desktop\RPG\GameProjectTwo\GameProjectTwo\OrtoMap.h(230,171): warning C4244: 'argument': conversion from 'T' to 'T', possible loss of data
          with
          [
              T=unsigned int
          ]
          and
          [
              T=float
          ]
C:\Users\Issac Rodriguez\Desktop\RPG\GameProjectTwo\GameProjectTwo\OrtoMap.h(231,120): warning C4244: 'argument': conversion from 'T' to 'T', possible loss of data
          with
          [
              T=unsigned int
          ]
          and
          [
              T=float
          ]
C:\Users\Issac Rodriguez\Desktop\RPG\GameProjectTwo\GameProjectTwo\OrtoMap.h(231,101): warning C4244: 'argument': conversion from 'T' to 'T', possible loss of data
          with
          [
              T=unsigned int
          ]
          and
          [
              T=float
          ]
C:\Users\Issac Rodriguez\Desktop\RPG\GameProjectTwo\GameProjectTwo\OrtoMap.h(231,204): warning C4244: 'argument': conversion from 'T' to 'T', possible loss of data
          with
          [
              T=unsigned int
          ]
          and
          [
              T=float
          ]
C:\Users\Issac Rodriguez\Desktop\RPG\GameProjectTwo\GameProjectTwo\OrtoMap.h(231,185): warning C4244: 'argument': conversion from 'T' to 'T', possible loss of data
          with
          [
              T=unsigned int
          ]
          and
          [
              T=float
          ]
C:\Users\Issac Rodriguez\Desktop\RPG\GameProjectTwo\GameProjectTwo\OrtoMap.h(232,106): warning C4244: 'argument': conversion from 'T' to 'T', possible loss of data
          with
          [
              T=unsigned int
          ]
          and
          [
              T=float
          ]
C:\Users\Issac Rodriguez\Desktop\RPG\GameProjectTwo\GameProjectTwo\OrtoMap.h(232,176): warning C4244: 'argument': conversion from 'T' to 'T', possible loss of data
          with
          [
              T=unsigned int
          ]
          and
          [
              T=float
          ]
C:\Users\Issac Rodriguez\Desktop\RPG\GameProjectTwo\GameProjectTwo\OrtoMap.h(286,22): warning C4244: 'return': conversion from 'T' to 'int', possible loss of data
          with
          [
              T=float
          ]
C:\Users\Issac Rodriguez\Desktop\RPG\GameProjectTwo\GameProjectTwo\OrtoMap.h(465,25): warning C4244: 'initializing': conversion from 'float' to 'uint32_t', possible loss of data
C:\Users\Issac Rodriguez\Desktop\RPG\GameProjectTwo\GameProjectTwo\OrtoMap.h(466,25): warning C4244: 'initializing': conversion from 'float' to 'uint32_t', possible loss of data
C:\Users\Issac Rodriguez\Desktop\RPG\GameProjectTwo\GameProjectTwo\OrtoMap.h(467,76): warning C4244: '=': conversion from 'T' to 'T', possible loss of data
          with
          [
              T=float
          ]
          and
          [
              T=unsigned int
          ]
C:\Users\Issac Rodriguez\Desktop\RPG\GameProjectTwo\GameProjectTwo\OrtoMap.h(468,76): warning C4244: '=': conversion from 'T' to 'T', possible loss of data
          with
          [
              T=float
          ]
          and
          [
              T=unsigned int
          ]
C:\Users\Issac Rodriguez\Desktop\RPG\GameProjectTwo\GameProjectTwo\Entities\Characters\ComputerPlayers\Enemies\FlyingRodent.cpp(89,40): warning C4305: 'argument': truncation from 'double' to 'float'
  GhostMan.cpp
C:\Users\Issac Rodriguez\Desktop\RPG\GameProjectTwo\GameProjectTwo\OrtoMap.h(161,35): warning C4244: '=': conversion from 'T' to 'T', possible loss of data
          with
          [
              T=int
          ]
          and
          [
              T=float
          ]
C:\Users\Issac Rodriguez\Desktop\RPG\GameProjectTwo\GameProjectTwo\OrtoMap.h(162,35): warning C4244: '=': conversion from 'T' to 'T', possible loss of data
          with
          [
              T=int
          ]
          and
          [
              T=float
          ]
C:\Users\Issac Rodriguez\Desktop\RPG\GameProjectTwo\GameProjectTwo\OrtoMap.h(220,55): warning C4244: 'argument': conversion from 'size_t' to 'T', possible loss of data
          with
          [
              T=float
          ]
C:\Users\Issac Rodriguez\Desktop\RPG\GameProjectTwo\GameProjectTwo\OrtoMap.h(223,89): warning C4244: 'argument': conversion from 'uint32_t' to 'T', possible loss of data
          with
          [
              T=float
          ]
C:\Users\Issac Rodriguez\Desktop\RPG\GameProjectTwo\GameProjectTwo\OrtoMap.h(223,60): warning C4244: 'argument': conversion from 'uint32_t' to 'T', possible loss of data
          with
          [
              T=float
          ]
C:\Users\Issac Rodriguez\Desktop\RPG\GameProjectTwo\GameProjectTwo\OrtoMap.h(230,101): warning C4244: 'argument': conversion from 'T' to 'T', possible loss of data
          with
          [
              T=unsigned int
          ]
          and
          [
              T=float
          ]
C:\Users\Issac Rodriguez\Desktop\RPG\GameProjectTwo\GameProjectTwo\OrtoMap.h(230,171): warning C4244: 'argument': conversion from 'T' to 'T', possible loss of data
          with
          [
              T=unsigned int
          ]
          and
          [
              T=float
          ]
C:\Users\Issac Rodriguez\Desktop\RPG\GameProjectTwo\GameProjectTwo\OrtoMap.h(231,120): warning C4244: 'argument': conversion from 'T' to 'T', possible loss of data
          with
          [
              T=unsigned int
          ]
          and
          [
              T=float
          ]
C:\Users\Issac Rodriguez\Desktop\RPG\GameProjectTwo\GameProjectTwo\OrtoMap.h(231,101): warning C4244: 'argument': conversion from 'T' to 'T', possible loss of data
          with
          [
              T=unsigned int
          ]
          and
          [
              T=float
          ]
C:\Users\Issac Rodriguez\Desktop\RPG\GameProjectTwo\GameProjectTwo\OrtoMap.h(231,204): warning C4244: 'argument': conversion from 'T' to 'T', possible loss of data
          with
          [
              T=unsigned int
          ]
          and
          [
              T=float
          ]
C:\Users\Issac Rodriguez\Desktop\RPG\GameProjectTwo\GameProjectTwo\OrtoMap.h(231,185): warning C4244: 'argument': conversion from 'T' to 'T', possible loss of data
          with
          [
              T=unsigned int
          ]
          and
          [
              T=float
          ]
C:\Users\Issac Rodriguez\Desktop\RPG\GameProjectTwo\GameProjectTwo\OrtoMap.h(232,106): warning C4244: 'argument': conversion from 'T' to 'T', possible loss of data
          with
          [
              T=unsigned int
          ]
          and
          [
              T=float
          ]
C:\Users\Issac Rodriguez\Desktop\RPG\GameProjectTwo\GameProjectTwo\OrtoMap.h(232,176): warning C4244: 'argument': conversion from 'T' to 'T', possible loss of data
          with
          [
              T=unsigned int
          ]
          and
          [
              T=float
          ]
C:\Users\Issac Rodriguez\Desktop\RPG\GameProjectTwo\GameProjectTwo\OrtoMap.h(286,22): warning C4244: 'return': conversion from 'T' to 'int', possible loss of data
          with
          [
              T=float
          ]
C:\Users\Issac Rodriguez\Desktop\RPG\GameProjectTwo\GameProjectTwo\OrtoMap.h(465,25): warning C4244: 'initializing': conversion from 'float' to 'uint32_t', possible loss of data
C:\Users\Issac Rodriguez\Desktop\RPG\GameProjectTwo\GameProjectTwo\OrtoMap.h(466,25): warning C4244: 'initializing': conversion from 'float' to 'uint32_t', possible loss of data
C:\Users\Issac Rodriguez\Desktop\RPG\GameProjectTwo\GameProjectTwo\OrtoMap.h(467,76): warning C4244: '=': conversion from 'T' to 'T', possible loss of data
          with
          [
              T=float
          ]
          and
          [
              T=unsigned int
          ]
C:\Users\Issac Rodriguez\Desktop\RPG\GameProjectTwo\GameProjectTwo\OrtoMap.h(468,76): warning C4244: '=': conversion from 'T' to 'T', possible loss of data
          with
          [
              T=float
          ]
          and
          [
              T=unsigned int
          ]
C:\Users\Issac Rodriguez\Desktop\RPG\GameProjectTwo\GameProjectTwo\Entities\Characters\ComputerPlayers\Enemies\GhostMan.cpp(89,40): warning C4305: 'argument': truncation from 'double' to 'float'
  HairlessCat.cpp
C:\Users\Issac Rodriguez\Desktop\RPG\GameProjectTwo\GameProjectTwo\OrtoMap.h(161,35): warning C4244: '=': conversion from 'T' to 'T', possible loss of data
          with
          [
              T=int
          ]
          and
          [
              T=float
          ]
C:\Users\Issac Rodriguez\Desktop\RPG\GameProjectTwo\GameProjectTwo\OrtoMap.h(162,35): warning C4244: '=': conversion from 'T' to 'T', possible loss of data
          with
          [
              T=int
          ]
          and
          [
              T=float
          ]
C:\Users\Issac Rodriguez\Desktop\RPG\GameProjectTwo\GameProjectTwo\OrtoMap.h(220,55): warning C4244: 'argument': conversion from 'size_t' to 'T', possible loss of data
          with
          [
              T=float
          ]
C:\Users\Issac Rodriguez\Desktop\RPG\GameProjectTwo\GameProjectTwo\OrtoMap.h(223,89): warning C4244: 'argument': conversion from 'uint32_t' to 'T', possible loss of data
          with
          [
              T=float
          ]
C:\Users\Issac Rodriguez\Desktop\RPG\GameProjectTwo\GameProjectTwo\OrtoMap.h(223,60): warning C4244: 'argument': conversion from 'uint32_t' to 'T', possible loss of data
          with
          [
              T=float
          ]
C:\Users\Issac Rodriguez\Desktop\RPG\GameProjectTwo\GameProjectTwo\OrtoMap.h(230,101): warning C4244: 'argument': conversion from 'T' to 'T', possible loss of data
          with
          [
              T=unsigned int
          ]
          and
          [
              T=float
          ]
C:\Users\Issac Rodriguez\Desktop\RPG\GameProjectTwo\GameProjectTwo\OrtoMap.h(230,171): warning C4244: 'argument': conversion from 'T' to 'T', possible loss of data
          with
          [
              T=unsigned int
          ]
          and
          [
              T=float
          ]
C:\Users\Issac Rodriguez\Desktop\RPG\GameProjectTwo\GameProjectTwo\OrtoMap.h(231,120): warning C4244: 'argument': conversion from 'T' to 'T', possible loss of data
          with
          [
              T=unsigned int
          ]
          and
          [
              T=float
          ]
C:\Users\Issac Rodriguez\Desktop\RPG\GameProjectTwo\GameProjectTwo\OrtoMap.h(231,101): warning C4244: 'argument': conversion from 'T' to 'T', possible loss of data
          with
          [
              T=unsigned int
          ]
          and
          [
              T=float
          ]
C:\Users\Issac Rodriguez\Desktop\RPG\GameProjectTwo\GameProjectTwo\OrtoMap.h(231,204): warning C4244: 'argument': conversion from 'T' to 'T', possible loss of data
          with
          [
              T=unsigned int
          ]
          and
          [
              T=float
          ]
C:\Users\Issac Rodriguez\Desktop\RPG\GameProjectTwo\GameProjectTwo\OrtoMap.h(231,185): warning C4244: 'argument': conversion from 'T' to 'T', possible loss of data
          with
          [
              T=unsigned int
          ]
          and
          [
              T=float
          ]
C:\Users\Issac Rodriguez\Desktop\RPG\GameProjectTwo\GameProjectTwo\OrtoMap.h(232,106): warning C4244: 'argument': conversion from 'T' to 'T', possible loss of data
          with
          [
              T=unsigned int
          ]
          and
          [
              T=float
          ]
C:\Users\Issac Rodriguez\Desktop\RPG\GameProjectTwo\GameProjectTwo\OrtoMap.h(232,176): warning C4244: 'argument': conversion from 'T' to 'T', possible loss of data
          with
          [
              T=unsigned int
          ]
          and
          [
              T=float
          ]
C:\Users\Issac Rodriguez\Desktop\RPG\GameProjectTwo\GameProjectTwo\OrtoMap.h(286,22): warning C4244: 'return': conversion from 'T' to 'int', possible loss of data
          with
          [
              T=float
          ]
C:\Users\Issac Rodriguez\Desktop\RPG\GameProjectTwo\GameProjectTwo\OrtoMap.h(465,25): warning C4244: 'initializing': conversion from 'float' to 'uint32_t', possible loss of data
C:\Users\Issac Rodriguez\Desktop\RPG\GameProjectTwo\GameProjectTwo\OrtoMap.h(466,25): warning C4244: 'initializing': conversion from 'float' to 'uint32_t', possible loss of data
C:\Users\Issac Rodriguez\Desktop\RPG\GameProjectTwo\GameProjectTwo\OrtoMap.h(467,76): warning C4244: '=': conversion from 'T' to 'T', possible loss of data
          with
          [
              T=float
          ]
          and
          [
              T=unsigned int
          ]
C:\Users\Issac Rodriguez\Desktop\RPG\GameProjectTwo\GameProjectTwo\OrtoMap.h(468,76): warning C4244: '=': conversion from 'T' to 'T', possible loss of data
          with
          [
              T=float
          ]
          and
          [
              T=unsigned int
          ]
C:\Users\Issac Rodriguez\Desktop\RPG\GameProjectTwo\GameProjectTwo\Entities\Characters\ComputerPlayers\Enemies\HairlessCat.cpp(89,40): warning C4305: 'argument': truncation from 'double' to 'float'
  HappyFace.cpp
C:\Users\Issac Rodriguez\Desktop\RPG\GameProjectTwo\GameProjectTwo\OrtoMap.h(161,35): warning C4244: '=': conversion from 'T' to 'T', possible loss of data
          with
          [
              T=int
          ]
          and
          [
              T=float
          ]
C:\Users\Issac Rodriguez\Desktop\RPG\GameProjectTwo\GameProjectTwo\OrtoMap.h(162,35): warning C4244: '=': conversion from 'T' to 'T', possible loss of data
          with
          [
              T=int
          ]
          and
          [
              T=float
          ]
C:\Users\Issac Rodriguez\Desktop\RPG\GameProjectTwo\GameProjectTwo\OrtoMap.h(220,55): warning C4244: 'argument': conversion from 'size_t' to 'T', possible loss of data
          with
          [
              T=float
          ]
C:\Users\Issac Rodriguez\Desktop\RPG\GameProjectTwo\GameProjectTwo\OrtoMap.h(223,89): warning C4244: 'argument': conversion from 'uint32_t' to 'T', possible loss of data
          with
          [
              T=float
          ]
C:\Users\Issac Rodriguez\Desktop\RPG\GameProjectTwo\GameProjectTwo\OrtoMap.h(223,60): warning C4244: 'argument': conversion from 'uint32_t' to 'T', possible loss of data
          with
          [
              T=float
          ]
C:\Users\Issac Rodriguez\Desktop\RPG\GameProjectTwo\GameProjectTwo\OrtoMap.h(230,101): warning C4244: 'argument': conversion from 'T' to 'T', possible loss of data
          with
          [
              T=unsigned int
          ]
          and
          [
              T=float
          ]
C:\Users\Issac Rodriguez\Desktop\RPG\GameProjectTwo\GameProjectTwo\OrtoMap.h(230,171): warning C4244: 'argument': conversion from 'T' to 'T', possible loss of data
          with
          [
              T=unsigned int
          ]
          and
          [
              T=float
          ]
C:\Users\Issac Rodriguez\Desktop\RPG\GameProjectTwo\GameProjectTwo\OrtoMap.h(231,120): warning C4244: 'argument': conversion from 'T' to 'T', possible loss of data
          with
          [
              T=unsigned int
          ]
          and
          [
              T=float
          ]
C:\Users\Issac Rodriguez\Desktop\RPG\GameProjectTwo\GameProjectTwo\OrtoMap.h(231,101): warning C4244: 'argument': conversion from 'T' to 'T', possible loss of data
          with
          [
              T=unsigned int
          ]
          and
          [
              T=float
          ]
C:\Users\Issac Rodriguez\Desktop\RPG\GameProjectTwo\GameProjectTwo\OrtoMap.h(231,204): warning C4244: 'argument': conversion from 'T' to 'T', possible loss of data
          with
          [
              T=unsigned int
          ]
          and
          [
              T=float
          ]
C:\Users\Issac Rodriguez\Desktop\RPG\GameProjectTwo\GameProjectTwo\OrtoMap.h(231,185): warning C4244: 'argument': conversion from 'T' to 'T', possible loss of data
          with
          [
              T=unsigned int
          ]
          and
          [
              T=float
          ]
C:\Users\Issac Rodriguez\Desktop\RPG\GameProjectTwo\GameProjectTwo\OrtoMap.h(232,106): warning C4244: 'argument': conversion from 'T' to 'T', possible loss of data
          with
          [
              T=unsigned int
          ]
          and
          [
              T=float
          ]
C:\Users\Issac Rodriguez\Desktop\RPG\GameProjectTwo\GameProjectTwo\OrtoMap.h(232,176): warning C4244: 'argument': conversion from 'T' to 'T', possible loss of data
          with
          [
              T=unsigned int
          ]
          and
          [
              T=float
          ]
C:\Users\Issac Rodriguez\Desktop\RPG\GameProjectTwo\GameProjectTwo\OrtoMap.h(286,22): warning C4244: 'return': conversion from 'T' to 'int', possible loss of data
          with
          [
              T=float
          ]
C:\Users\Issac Rodriguez\Desktop\RPG\GameProjectTwo\GameProjectTwo\OrtoMap.h(465,25): warning C4244: 'initializing': conversion from 'float' to 'uint32_t', possible loss of data
C:\Users\Issac Rodriguez\Desktop\RPG\GameProjectTwo\GameProjectTwo\OrtoMap.h(466,25): warning C4244: 'initializing': conversion from 'float' to 'uint32_t', possible loss of data
C:\Users\Issac Rodriguez\Desktop\RPG\GameProjectTwo\GameProjectTwo\OrtoMap.h(467,76): warning C4244: '=': conversion from 'T' to 'T', possible loss of data
          with
          [
              T=float
          ]
          and
          [
              T=unsigned int
          ]
C:\Users\Issac Rodriguez\Desktop\RPG\GameProjectTwo\GameProjectTwo\OrtoMap.h(468,76): warning C4244: '=': conversion from 'T' to 'T', possible loss of data
          with
          [
              T=float
          ]
          and
          [
              T=unsigned int
          ]
C:\Users\Issac Rodriguez\Desktop\RPG\GameProjectTwo\GameProjectTwo\Entities\Characters\ComputerPlayers\Enemies\HappyFace.cpp(89,40): warning C4305: 'argument': truncation from 'double' to 'float'
  Rodent.cpp
C:\Users\Issac Rodriguez\Desktop\RPG\GameProjectTwo\GameProjectTwo\OrtoMap.h(161,35): warning C4244: '=': conversion from 'T' to 'T', possible loss of data
          with
          [
              T=int
          ]
          and
          [
              T=float
          ]
C:\Users\Issac Rodriguez\Desktop\RPG\GameProjectTwo\GameProjectTwo\OrtoMap.h(162,35): warning C4244: '=': conversion from 'T' to 'T', possible loss of data
          with
          [
              T=int
          ]
          and
          [
              T=float
          ]
C:\Users\Issac Rodriguez\Desktop\RPG\GameProjectTwo\GameProjectTwo\OrtoMap.h(220,55): warning C4244: 'argument': conversion from 'size_t' to 'T', possible loss of data
          with
          [
              T=float
          ]
C:\Users\Issac Rodriguez\Desktop\RPG\GameProjectTwo\GameProjectTwo\OrtoMap.h(223,89): warning C4244: 'argument': conversion from 'uint32_t' to 'T', possible loss of data
          with
          [
              T=float
          ]
C:\Users\Issac Rodriguez\Desktop\RPG\GameProjectTwo\GameProjectTwo\OrtoMap.h(223,60): warning C4244: 'argument': conversion from 'uint32_t' to 'T', possible loss of data
          with
          [
              T=float
          ]
C:\Users\Issac Rodriguez\Desktop\RPG\GameProjectTwo\GameProjectTwo\OrtoMap.h(230,101): warning C4244: 'argument': conversion from 'T' to 'T', possible loss of data
          with
          [
              T=unsigned int
          ]
          and
          [
              T=float
          ]
C:\Users\Issac Rodriguez\Desktop\RPG\GameProjectTwo\GameProjectTwo\OrtoMap.h(230,171): warning C4244: 'argument': conversion from 'T' to 'T', possible loss of data
          with
          [
              T=unsigned int
          ]
          and
          [
              T=float
          ]
C:\Users\Issac Rodriguez\Desktop\RPG\GameProjectTwo\GameProjectTwo\OrtoMap.h(231,120): warning C4244: 'argument': conversion from 'T' to 'T', possible loss of data
          with
          [
              T=unsigned int
          ]
          and
          [
              T=float
          ]
C:\Users\Issac Rodriguez\Desktop\RPG\GameProjectTwo\GameProjectTwo\OrtoMap.h(231,101): warning C4244: 'argument': conversion from 'T' to 'T', possible loss of data
          with
          [
              T=unsigned int
          ]
          and
          [
              T=float
          ]
C:\Users\Issac Rodriguez\Desktop\RPG\GameProjectTwo\GameProjectTwo\OrtoMap.h(231,204): warning C4244: 'argument': conversion from 'T' to 'T', possible loss of data
          with
          [
              T=unsigned int
          ]
          and
          [
              T=float
          ]
C:\Users\Issac Rodriguez\Desktop\RPG\GameProjectTwo\GameProjectTwo\OrtoMap.h(231,185): warning C4244: 'argument': conversion from 'T' to 'T', possible loss of data
          with
          [
              T=unsigned int
          ]
          and
          [
              T=float
          ]
C:\Users\Issac Rodriguez\Desktop\RPG\GameProjectTwo\GameProjectTwo\OrtoMap.h(232,106): warning C4244: 'argument': conversion from 'T' to 'T', possible loss of data
          with
          [
              T=unsigned int
          ]
          and
          [
              T=float
          ]
C:\Users\Issac Rodriguez\Desktop\RPG\GameProjectTwo\GameProjectTwo\OrtoMap.h(232,176): warning C4244: 'argument': conversion from 'T' to 'T', possible loss of data
          with
          [
              T=unsigned int
          ]
          and
          [
              T=float
          ]
C:\Users\Issac Rodriguez\Desktop\RPG\GameProjectTwo\GameProjectTwo\OrtoMap.h(286,22): warning C4244: 'return': conversion from 'T' to 'int', possible loss of data
          with
          [
              T=float
          ]
C:\Users\Issac Rodriguez\Desktop\RPG\GameProjectTwo\GameProjectTwo\OrtoMap.h(465,25): warning C4244: 'initializing': conversion from 'float' to 'uint32_t', possible loss of data
C:\Users\Issac Rodriguez\Desktop\RPG\GameProjectTwo\GameProjectTwo\OrtoMap.h(466,25): warning C4244: 'initializing': conversion from 'float' to 'uint32_t', possible loss of data
C:\Users\Issac Rodriguez\Desktop\RPG\GameProjectTwo\GameProjectTwo\OrtoMap.h(467,76): warning C4244: '=': conversion from 'T' to 'T', possible loss of data
          with
          [
              T=float
          ]
          and
          [
              T=unsigned int
          ]
C:\Users\Issac Rodriguez\Desktop\RPG\GameProjectTwo\GameProjectTwo\OrtoMap.h(468,76): warning C4244: '=': conversion from 'T' to 'T', possible loss of data
          with
          [
              T=float
          ]
          and
          [
              T=unsigned int
          ]
C:\Users\Issac Rodriguez\Desktop\RPG\GameProjectTwo\GameProjectTwo\Entities\Characters\ComputerPlayers\Enemies\Rodent.cpp(89,40): warning C4305: 'argument': truncation from 'double' to 'float'
  Trash.cpp
C:\Users\Issac Rodriguez\Desktop\RPG\GameProjectTwo\GameProjectTwo\OrtoMap.h(161,35): warning C4244: '=': conversion from 'T' to 'T', possible loss of data
          with
          [
              T=int
          ]
          and
          [
              T=float
          ]
C:\Users\Issac Rodriguez\Desktop\RPG\GameProjectTwo\GameProjectTwo\OrtoMap.h(162,35): warning C4244: '=': conversion from 'T' to 'T', possible loss of data
          with
          [
              T=int
          ]
          and
          [
              T=float
          ]
C:\Users\Issac Rodriguez\Desktop\RPG\GameProjectTwo\GameProjectTwo\OrtoMap.h(220,55): warning C4244: 'argument': conversion from 'size_t' to 'T', possible loss of data
          with
          [
              T=float
          ]
C:\Users\Issac Rodriguez\Desktop\RPG\GameProjectTwo\GameProjectTwo\OrtoMap.h(223,89): warning C4244: 'argument': conversion from 'uint32_t' to 'T', possible loss of data
          with
          [
              T=float
          ]
C:\Users\Issac Rodriguez\Desktop\RPG\GameProjectTwo\GameProjectTwo\OrtoMap.h(223,60): warning C4244: 'argument': conversion from 'uint32_t' to 'T', possible loss of data
          with
          [
              T=float
          ]
C:\Users\Issac Rodriguez\Desktop\RPG\GameProjectTwo\GameProjectTwo\OrtoMap.h(230,101): warning C4244: 'argument': conversion from 'T' to 'T', possible loss of data
          with
          [
              T=unsigned int
          ]
          and
          [
              T=float
          ]
C:\Users\Issac Rodriguez\Desktop\RPG\GameProjectTwo\GameProjectTwo\OrtoMap.h(230,171): warning C4244: 'argument': conversion from 'T' to 'T', possible loss of data
          with
          [
              T=unsigned int
          ]
          and
          [
              T=float
          ]
C:\Users\Issac Rodriguez\Desktop\RPG\GameProjectTwo\GameProjectTwo\OrtoMap.h(231,120): warning C4244: 'argument': conversion from 'T' to 'T', possible loss of data
          with
          [
              T=unsigned int
          ]
          and
          [
              T=float
          ]
C:\Users\Issac Rodriguez\Desktop\RPG\GameProjectTwo\GameProjectTwo\OrtoMap.h(231,101): warning C4244: 'argument': conversion from 'T' to 'T', possible loss of data
          with
          [
              T=unsigned int
          ]
          and
          [
              T=float
          ]
C:\Users\Issac Rodriguez\Desktop\RPG\GameProjectTwo\GameProjectTwo\OrtoMap.h(231,204): warning C4244: 'argument': conversion from 'T' to 'T', possible loss of data
          with
          [
              T=unsigned int
          ]
          and
          [
              T=float
          ]
C:\Users\Issac Rodriguez\Desktop\RPG\GameProjectTwo\GameProjectTwo\OrtoMap.h(231,185): warning C4244: 'argument': conversion from 'T' to 'T', possible loss of data
          with
          [
              T=unsigned int
          ]
          and
          [
              T=float
          ]
C:\Users\Issac Rodriguez\Desktop\RPG\GameProjectTwo\GameProjectTwo\OrtoMap.h(232,106): warning C4244: 'argument': conversion from 'T' to 'T', possible loss of data
          with
          [
              T=unsigned int
          ]
          and
          [
              T=float
          ]
C:\Users\Issac Rodriguez\Desktop\RPG\GameProjectTwo\GameProjectTwo\OrtoMap.h(232,176): warning C4244: 'argument': conversion from 'T' to 'T', possible loss of data
          with
          [
              T=unsigned int
          ]
          and
          [
              T=float
          ]
C:\Users\Issac Rodriguez\Desktop\RPG\GameProjectTwo\GameProjectTwo\OrtoMap.h(286,22): warning C4244: 'return': conversion from 'T' to 'int', possible loss of data
          with
          [
              T=float
          ]
C:\Users\Issac Rodriguez\Desktop\RPG\GameProjectTwo\GameProjectTwo\OrtoMap.h(465,25): warning C4244: 'initializing': conversion from 'float' to 'uint32_t', possible loss of data
C:\Users\Issac Rodriguez\Desktop\RPG\GameProjectTwo\GameProjectTwo\OrtoMap.h(466,25): warning C4244: 'initializing': conversion from 'float' to 'uint32_t', possible loss of data
C:\Users\Issac Rodriguez\Desktop\RPG\GameProjectTwo\GameProjectTwo\OrtoMap.h(467,76): warning C4244: '=': conversion from 'T' to 'T', possible loss of data
          with
          [
              T=float
          ]
          and
          [
              T=unsigned int
          ]
C:\Users\Issac Rodriguez\Desktop\RPG\GameProjectTwo\GameProjectTwo\OrtoMap.h(468,76): warning C4244: '=': conversion from 'T' to 'T', possible loss of data
          with
          [
              T=float
          ]
          and
          [
              T=unsigned int
          ]
C:\Users\Issac Rodriguez\Desktop\RPG\GameProjectTwo\GameProjectTwo\Entities\Characters\ComputerPlayers\Enemies\Trash.cpp(89,40): warning C4305: 'argument': truncation from 'double' to 'float'
  Entity.cpp
  FireChicken.cpp
C:\Users\Issac Rodriguez\Desktop\RPG\GameProjectTwo\GameProjectTwo\OrtoMap.h(161,35): warning C4244: '=': conversion from 'T' to 'T', possible loss of data
          with
          [
              T=int
          ]
          and
          [
              T=float
          ]
C:\Users\Issac Rodriguez\Desktop\RPG\GameProjectTwo\GameProjectTwo\OrtoMap.h(162,35): warning C4244: '=': conversion from 'T' to 'T', possible loss of data
          with
          [
              T=int
          ]
          and
          [
              T=float
          ]
C:\Users\Issac Rodriguez\Desktop\RPG\GameProjectTwo\GameProjectTwo\OrtoMap.h(220,55): warning C4244: 'argument': conversion from 'size_t' to 'T', possible loss of data
          with
          [
              T=float
          ]
C:\Users\Issac Rodriguez\Desktop\RPG\GameProjectTwo\GameProjectTwo\OrtoMap.h(223,89): warning C4244: 'argument': conversion from 'uint32_t' to 'T', possible loss of data
          with
          [
              T=float
          ]
C:\Users\Issac Rodriguez\Desktop\RPG\GameProjectTwo\GameProjectTwo\OrtoMap.h(223,60): warning C4244: 'argument': conversion from 'uint32_t' to 'T', possible loss of data
          with
          [
              T=float
          ]
C:\Users\Issac Rodriguez\Desktop\RPG\GameProjectTwo\GameProjectTwo\OrtoMap.h(230,101): warning C4244: 'argument': conversion from 'T' to 'T', possible loss of data
          with
          [
              T=unsigned int
          ]
          and
          [
              T=float
          ]
C:\Users\Issac Rodriguez\Desktop\RPG\GameProjectTwo\GameProjectTwo\OrtoMap.h(230,171): warning C4244: 'argument': conversion from 'T' to 'T', possible loss of data
          with
          [
              T=unsigned int
          ]
          and
          [
              T=float
          ]
C:\Users\Issac Rodriguez\Desktop\RPG\GameProjectTwo\GameProjectTwo\OrtoMap.h(231,120): warning C4244: 'argument': conversion from 'T' to 'T', possible loss of data
          with
          [
              T=unsigned int
          ]
          and
          [
              T=float
          ]
C:\Users\Issac Rodriguez\Desktop\RPG\GameProjectTwo\GameProjectTwo\OrtoMap.h(231,101): warning C4244: 'argument': conversion from 'T' to 'T', possible loss of data
          with
          [
              T=unsigned int
          ]
          and
          [
              T=float
          ]
C:\Users\Issac Rodriguez\Desktop\RPG\GameProjectTwo\GameProjectTwo\OrtoMap.h(231,204): warning C4244: 'argument': conversion from 'T' to 'T', possible loss of data
          with
          [
              T=unsigned int
          ]
          and
          [
              T=float
          ]
C:\Users\Issac Rodriguez\Desktop\RPG\GameProjectTwo\GameProjectTwo\OrtoMap.h(231,185): warning C4244: 'argument': conversion from 'T' to 'T', possible loss of data
          with
          [
              T=unsigned int
          ]
          and
          [
              T=float
          ]
C:\Users\Issac Rodriguez\Desktop\RPG\GameProjectTwo\GameProjectTwo\OrtoMap.h(232,106): warning C4244: 'argument': conversion from 'T' to 'T', possible loss of data
          with
          [
              T=unsigned int
          ]
          and
          [
              T=float
          ]
C:\Users\Issac Rodriguez\Desktop\RPG\GameProjectTwo\GameProjectTwo\OrtoMap.h(232,176): warning C4244: 'argument': conversion from 'T' to 'T', possible loss of data
          with
          [
              T=unsigned int
          ]
          and
          [
              T=float
          ]
C:\Users\Issac Rodriguez\Desktop\RPG\GameProjectTwo\GameProjectTwo\OrtoMap.h(286,22): warning C4244: 'return': conversion from 'T' to 'int', possible loss of data
          with
          [
              T=float
          ]
C:\Users\Issac Rodriguez\Desktop\RPG\GameProjectTwo\GameProjectTwo\OrtoMap.h(465,25): warning C4244: 'initializing': conversion from 'float' to 'uint32_t', possible loss of data
C:\Users\Issac Rodriguez\Desktop\RPG\GameProjectTwo\GameProjectTwo\OrtoMap.h(466,25): warning C4244: 'initializing': conversion from 'float' to 'uint32_t', possible loss of data
C:\Users\Issac Rodriguez\Desktop\RPG\GameProjectTwo\GameProjectTwo\OrtoMap.h(467,76): warning C4244: '=': conversion from 'T' to 'T', possible loss of data
          with
          [
              T=float
          ]
          and
          [
              T=unsigned int
          ]
C:\Users\Issac Rodriguez\Desktop\RPG\GameProjectTwo\GameProjectTwo\OrtoMap.h(468,76): warning C4244: '=': conversion from 'T' to 'T', possible loss of data
          with
          [
              T=float
          ]
          and
          [
              T=unsigned int
          ]
C:\Users\Issac Rodriguez\Desktop\RPG\GameProjectTwo\GameProjectTwo\Entities\Characters\ComputerPlayers\Enemies\FireChicken.cpp(90,40): warning C4305: 'argument': truncation from 'double' to 'float'
  Game.cpp
C:\Users\Issac Rodriguez\Desktop\RPG\GameProjectTwo\GameProjectTwo\OrtoMap.h(161,35): warning C4244: '=': conversion from 'T' to 'T', possible loss of data
          with
          [
              T=int
          ]
          and
          [
              T=float
          ]
C:\Users\Issac Rodriguez\Desktop\RPG\GameProjectTwo\GameProjectTwo\OrtoMap.h(162,35): warning C4244: '=': conversion from 'T' to 'T', possible loss of data
          with
          [
              T=int
          ]
          and
          [
              T=float
          ]
C:\Users\Issac Rodriguez\Desktop\RPG\GameProjectTwo\GameProjectTwo\OrtoMap.h(220,55): warning C4244: 'argument': conversion from 'size_t' to 'T', possible loss of data
          with
          [
              T=float
          ]
C:\Users\Issac Rodriguez\Desktop\RPG\GameProjectTwo\GameProjectTwo\OrtoMap.h(223,89): warning C4244: 'argument': conversion from 'uint32_t' to 'T', possible loss of data
          with
          [
              T=float
          ]
C:\Users\Issac Rodriguez\Desktop\RPG\GameProjectTwo\GameProjectTwo\OrtoMap.h(223,60): warning C4244: 'argument': conversion from 'uint32_t' to 'T', possible loss of data
          with
          [
              T=float
          ]
C:\Users\Issac Rodriguez\Desktop\RPG\GameProjectTwo\GameProjectTwo\OrtoMap.h(230,101): warning C4244: 'argument': conversion from 'T' to 'T', possible loss of data
          with
          [
              T=unsigned int
          ]
          and
          [
              T=float
          ]
C:\Users\Issac Rodriguez\Desktop\RPG\GameProjectTwo\GameProjectTwo\OrtoMap.h(230,171): warning C4244: 'argument': conversion from 'T' to 'T', possible loss of data
          with
          [
              T=unsigned int
          ]
          and
          [
              T=float
          ]
C:\Users\Issac Rodriguez\Desktop\RPG\GameProjectTwo\GameProjectTwo\OrtoMap.h(231,120): warning C4244: 'argument': conversion from 'T' to 'T', possible loss of data
          with
          [
              T=unsigned int
          ]
          and
          [
              T=float
          ]
C:\Users\Issac Rodriguez\Desktop\RPG\GameProjectTwo\GameProjectTwo\OrtoMap.h(231,101): warning C4244: 'argument': conversion from 'T' to 'T', possible loss of data
          with
          [
              T=unsigned int
          ]
          and
          [
              T=float
          ]
C:\Users\Issac Rodriguez\Desktop\RPG\GameProjectTwo\GameProjectTwo\OrtoMap.h(231,204): warning C4244: 'argument': conversion from 'T' to 'T', possible loss of data
          with
          [
              T=unsigned int
          ]
          and
          [
              T=float
          ]
C:\Users\Issac Rodriguez\Desktop\RPG\GameProjectTwo\GameProjectTwo\OrtoMap.h(231,185): warning C4244: 'argument': conversion from 'T' to 'T', possible loss of data
          with
          [
              T=unsigned int
          ]
          and
          [
              T=float
          ]
C:\Users\Issac Rodriguez\Desktop\RPG\GameProjectTwo\GameProjectTwo\OrtoMap.h(232,106): warning C4244: 'argument': conversion from 'T' to 'T', possible loss of data
          with
          [
              T=unsigned int
          ]
          and
          [
              T=float
          ]
C:\Users\Issac Rodriguez\Desktop\RPG\GameProjectTwo\GameProjectTwo\OrtoMap.h(232,176): warning C4244: 'argument': conversion from 'T' to 'T', possible loss of data
          with
          [
              T=unsigned int
          ]
          and
          [
              T=float
          ]
C:\Users\Issac Rodriguez\Desktop\RPG\GameProjectTwo\GameProjectTwo\OrtoMap.h(286,22): warning C4244: 'return': conversion from 'T' to 'int', possible loss of data
          with
          [
              T=float
          ]
C:\Users\Issac Rodriguez\Desktop\RPG\GameProjectTwo\GameProjectTwo\OrtoMap.h(465,25): warning C4244: 'initializing': conversion from 'float' to 'uint32_t', possible loss of data
C:\Users\Issac Rodriguez\Desktop\RPG\GameProjectTwo\GameProjectTwo\OrtoMap.h(466,25): warning C4244: 'initializing': conversion from 'float' to 'uint32_t', possible loss of data
C:\Users\Issac Rodriguez\Desktop\RPG\GameProjectTwo\GameProjectTwo\OrtoMap.h(467,76): warning C4244: '=': conversion from 'T' to 'T', possible loss of data
          with
          [
              T=float
          ]
          and
          [
              T=unsigned int
          ]
C:\Users\Issac Rodriguez\Desktop\RPG\GameProjectTwo\GameProjectTwo\OrtoMap.h(468,76): warning C4244: '=': conversion from 'T' to 'T', possible loss of data
          with
          [
              T=float
          ]
          and
          [
              T=unsigned int
          ]
  Hero.cpp
C:\Users\Issac Rodriguez\Desktop\RPG\GameProjectTwo\GameProjectTwo\OrtoMap.h(161,35): warning C4244: '=': conversion from 'T' to 'T', possible loss of data
          with
          [
              T=int
          ]
          and
          [
              T=float
          ]
C:\Users\Issac Rodriguez\Desktop\RPG\GameProjectTwo\GameProjectTwo\OrtoMap.h(162,35): warning C4244: '=': conversion from 'T' to 'T', possible loss of data
          with
          [
              T=int
          ]
          and
          [
              T=float
          ]
C:\Users\Issac Rodriguez\Desktop\RPG\GameProjectTwo\GameProjectTwo\OrtoMap.h(220,55): warning C4244: 'argument': conversion from 'size_t' to 'T', possible loss of data
          with
          [
              T=float
          ]
C:\Users\Issac Rodriguez\Desktop\RPG\GameProjectTwo\GameProjectTwo\OrtoMap.h(223,89): warning C4244: 'argument': conversion from 'uint32_t' to 'T', possible loss of data
          with
          [
              T=float
          ]
C:\Users\Issac Rodriguez\Desktop\RPG\GameProjectTwo\GameProjectTwo\OrtoMap.h(223,60): warning C4244: 'argument': conversion from 'uint32_t' to 'T', possible loss of data
          with
          [
              T=float
          ]
C:\Users\Issac Rodriguez\Desktop\RPG\GameProjectTwo\GameProjectTwo\OrtoMap.h(230,101): warning C4244: 'argument': conversion from 'T' to 'T', possible loss of data
          with
          [
              T=unsigned int
          ]
          and
          [
              T=float
          ]
C:\Users\Issac Rodriguez\Desktop\RPG\GameProjectTwo\GameProjectTwo\OrtoMap.h(230,171): warning C4244: 'argument': conversion from 'T' to 'T', possible loss of data
          with
          [
              T=unsigned int
          ]
          and
          [
              T=float
          ]
C:\Users\Issac Rodriguez\Desktop\RPG\GameProjectTwo\GameProjectTwo\OrtoMap.h(231,120): warning C4244: 'argument': conversion from 'T' to 'T', possible loss of data
          with
          [
              T=unsigned int
          ]
          and
          [
              T=float
          ]
C:\Users\Issac Rodriguez\Desktop\RPG\GameProjectTwo\GameProjectTwo\OrtoMap.h(231,101): warning C4244: 'argument': conversion from 'T' to 'T', possible loss of data
          with
          [
              T=unsigned int
          ]
          and
          [
              T=float
          ]
C:\Users\Issac Rodriguez\Desktop\RPG\GameProjectTwo\GameProjectTwo\OrtoMap.h(231,204): warning C4244: 'argument': conversion from 'T' to 'T', possible loss of data
          with
          [
              T=unsigned int
          ]
          and
          [
              T=float
          ]
C:\Users\Issac Rodriguez\Desktop\RPG\GameProjectTwo\GameProjectTwo\OrtoMap.h(231,185): warning C4244: 'argument': conversion from 'T' to 'T', possible loss of data
          with
          [
              T=unsigned int
          ]
          and
          [
              T=float
          ]
C:\Users\Issac Rodriguez\Desktop\RPG\GameProjectTwo\GameProjectTwo\OrtoMap.h(232,106): warning C4244: 'argument': conversion from 'T' to 'T', possible loss of data
          with
          [
              T=unsigned int
          ]
          and
          [
              T=float
          ]
C:\Users\Issac Rodriguez\Desktop\RPG\GameProjectTwo\GameProjectTwo\OrtoMap.h(232,176): warning C4244: 'argument': conversion from 'T' to 'T', possible loss of data
          with
          [
              T=unsigned int
          ]
          and
          [
              T=float
          ]
C:\Users\Issac Rodriguez\Desktop\RPG\GameProjectTwo\GameProjectTwo\OrtoMap.h(286,22): warning C4244: 'return': conversion from 'T' to 'int', possible loss of data
          with
          [
              T=float
          ]
C:\Users\Issac Rodriguez\Desktop\RPG\GameProjectTwo\GameProjectTwo\OrtoMap.h(465,25): warning C4244: 'initializing': conversion from 'float' to 'uint32_t', possible loss of data
C:\Users\Issac Rodriguez\Desktop\RPG\GameProjectTwo\GameProjectTwo\OrtoMap.h(466,25): warning C4244: 'initializing': conversion from 'float' to 'uint32_t', possible loss of data
C:\Users\Issac Rodriguez\Desktop\RPG\GameProjectTwo\GameProjectTwo\OrtoMap.h(467,76): warning C4244: '=': conversion from 'T' to 'T', possible loss of data
          with
          [
              T=float
          ]
          and
          [
              T=unsigned int
          ]
C:\Users\Issac Rodriguez\Desktop\RPG\GameProjectTwo\GameProjectTwo\OrtoMap.h(468,76): warning C4244: '=': conversion from 'T' to 'T', possible loss of data
          with
          [
              T=float
          ]
          and
          [
              T=unsigned int
          ]
C:\Users\Issac Rodriguez\Desktop\RPG\GameProjectTwo\GameProjectTwo\Entities\Characters\Hero\Hero.cpp(147,41): warning C4305: 'argument': truncation from 'double' to 'float'
  Item.cpp
  Generating Code...
  Compiling...
  ItemBag.cpp
  ItemFactory.cpp
  Magic.cpp
C:\Users\Issac Rodriguez\Desktop\RPG\GameProjectTwo\GameProjectTwo\OrtoMap.h(161,35): warning C4244: '=': conversion from 'T' to 'T', possible loss of data
          with
          [
              T=int
          ]
          and
          [
              T=float
          ]
C:\Users\Issac Rodriguez\Desktop\RPG\GameProjectTwo\GameProjectTwo\OrtoMap.h(162,35): warning C4244: '=': conversion from 'T' to 'T', possible loss of data
          with
          [
              T=int
          ]
          and
          [
              T=float
          ]
C:\Users\Issac Rodriguez\Desktop\RPG\GameProjectTwo\GameProjectTwo\OrtoMap.h(220,55): warning C4244: 'argument': conversion from 'size_t' to 'T', possible loss of data
          with
          [
              T=float
          ]
C:\Users\Issac Rodriguez\Desktop\RPG\GameProjectTwo\GameProjectTwo\OrtoMap.h(223,89): warning C4244: 'argument': conversion from 'uint32_t' to 'T', possible loss of data
          with
          [
              T=float
          ]
C:\Users\Issac Rodriguez\Desktop\RPG\GameProjectTwo\GameProjectTwo\OrtoMap.h(223,60): warning C4244: 'argument': conversion from 'uint32_t' to 'T', possible loss of data
          with
          [
              T=float
          ]
C:\Users\Issac Rodriguez\Desktop\RPG\GameProjectTwo\GameProjectTwo\OrtoMap.h(230,101): warning C4244: 'argument': conversion from 'T' to 'T', possible loss of data
          with
          [
              T=unsigned int
          ]
          and
          [
              T=float
          ]
C:\Users\Issac Rodriguez\Desktop\RPG\GameProjectTwo\GameProjectTwo\OrtoMap.h(230,171): warning C4244: 'argument': conversion from 'T' to 'T', possible loss of data
          with
          [
              T=unsigned int
          ]
          and
          [
              T=float
          ]
C:\Users\Issac Rodriguez\Desktop\RPG\GameProjectTwo\GameProjectTwo\OrtoMap.h(231,120): warning C4244: 'argument': conversion from 'T' to 'T', possible loss of data
          with
          [
              T=unsigned int
          ]
          and
          [
              T=float
          ]
C:\Users\Issac Rodriguez\Desktop\RPG\GameProjectTwo\GameProjectTwo\OrtoMap.h(231,101): warning C4244: 'argument': conversion from 'T' to 'T', possible loss of data
          with
          [
              T=unsigned int
          ]
          and
          [
              T=float
          ]
C:\Users\Issac Rodriguez\Desktop\RPG\GameProjectTwo\GameProjectTwo\OrtoMap.h(231,204): warning C4244: 'argument': conversion from 'T' to 'T', possible loss of data
          with
          [
              T=unsigned int
          ]
          and
          [
              T=float
          ]
C:\Users\Issac Rodriguez\Desktop\RPG\GameProjectTwo\GameProjectTwo\OrtoMap.h(231,185): warning C4244: 'argument': conversion from 'T' to 'T', possible loss of data
          with
          [
              T=unsigned int
          ]
          and
          [
              T=float
          ]
C:\Users\Issac Rodriguez\Desktop\RPG\GameProjectTwo\GameProjectTwo\OrtoMap.h(232,106): warning C4244: 'argument': conversion from 'T' to 'T', possible loss of data
          with
          [
              T=unsigned int
          ]
          and
          [
              T=float
          ]
C:\Users\Issac Rodriguez\Desktop\RPG\GameProjectTwo\GameProjectTwo\OrtoMap.h(232,176): warning C4244: 'argument': conversion from 'T' to 'T', possible loss of data
          with
          [
              T=unsigned int
          ]
          and
          [
              T=float
          ]
C:\Users\Issac Rodriguez\Desktop\RPG\GameProjectTwo\GameProjectTwo\OrtoMap.h(286,22): warning C4244: 'return': conversion from 'T' to 'int', possible loss of data
          with
          [
              T=float
          ]
C:\Users\Issac Rodriguez\Desktop\RPG\GameProjectTwo\GameProjectTwo\OrtoMap.h(465,25): warning C4244: 'initializing': conversion from 'float' to 'uint32_t', possible loss of data
C:\Users\Issac Rodriguez\Desktop\RPG\GameProjectTwo\GameProjectTwo\OrtoMap.h(466,25): warning C4244: 'initializing': conversion from 'float' to 'uint32_t', possible loss of data
C:\Users\Issac Rodriguez\Desktop\RPG\GameProjectTwo\GameProjectTwo\OrtoMap.h(467,76): warning C4244: '=': conversion from 'T' to 'T', possible loss of data
          with
          [
              T=float
          ]
          and
          [
              T=unsigned int
          ]
C:\Users\Issac Rodriguez\Desktop\RPG\GameProjectTwo\GameProjectTwo\OrtoMap.h(468,76): warning C4244: '=': conversion from 'T' to 'T', possible loss of data
          with
          [
              T=float
          ]
          and
          [
              T=unsigned int
          ]
C:\Users\Issac Rodriguez\Desktop\RPG\GameProjectTwo\GameProjectTwo\Magic.cpp(87,40): warning C4305: 'argument': truncation from 'double' to 'float'
  Main.cpp
C:\Users\Issac Rodriguez\Desktop\RPG\GameProjectTwo\GameProjectTwo\OrtoMap.h(161,35): warning C4244: '=': conversion from 'T' to 'T', possible loss of data
          with
          [
              T=int
          ]
          and
          [
              T=float
          ]
C:\Users\Issac Rodriguez\Desktop\RPG\GameProjectTwo\GameProjectTwo\OrtoMap.h(162,35): warning C4244: '=': conversion from 'T' to 'T', possible loss of data
          with
          [
              T=int
          ]
          and
          [
              T=float
          ]
C:\Users\Issac Rodriguez\Desktop\RPG\GameProjectTwo\GameProjectTwo\OrtoMap.h(220,55): warning C4244: 'argument': conversion from 'size_t' to 'T', possible loss of data
          with
          [
              T=float
          ]
C:\Users\Issac Rodriguez\Desktop\RPG\GameProjectTwo\GameProjectTwo\OrtoMap.h(223,89): warning C4244: 'argument': conversion from 'uint32_t' to 'T', possible loss of data
          with
          [
              T=float
          ]
C:\Users\Issac Rodriguez\Desktop\RPG\GameProjectTwo\GameProjectTwo\OrtoMap.h(223,60): warning C4244: 'argument': conversion from 'uint32_t' to 'T', possible loss of data
          with
          [
              T=float
          ]
C:\Users\Issac Rodriguez\Desktop\RPG\GameProjectTwo\GameProjectTwo\OrtoMap.h(230,101): warning C4244: 'argument': conversion from 'T' to 'T', possible loss of data
          with
          [
              T=unsigned int
          ]
          and
          [
              T=float
          ]
C:\Users\Issac Rodriguez\Desktop\RPG\GameProjectTwo\GameProjectTwo\OrtoMap.h(230,171): warning C4244: 'argument': conversion from 'T' to 'T', possible loss of data
          with
          [
              T=unsigned int
          ]
          and
          [
              T=float
          ]
C:\Users\Issac Rodriguez\Desktop\RPG\GameProjectTwo\GameProjectTwo\OrtoMap.h(231,120): warning C4244: 'argument': conversion from 'T' to 'T', possible loss of data
          with
          [
              T=unsigned int
          ]
          and
          [
              T=float
          ]
C:\Users\Issac Rodriguez\Desktop\RPG\GameProjectTwo\GameProjectTwo\OrtoMap.h(231,101): warning C4244: 'argument': conversion from 'T' to 'T', possible loss of data
          with
          [
              T=unsigned int
          ]
          and
          [
              T=float
          ]
C:\Users\Issac Rodriguez\Desktop\RPG\GameProjectTwo\GameProjectTwo\OrtoMap.h(231,204): warning C4244: 'argument': conversion from 'T' to 'T', possible loss of data
          with
          [
              T=unsigned int
          ]
          and
          [
              T=float
          ]
C:\Users\Issac Rodriguez\Desktop\RPG\GameProjectTwo\GameProjectTwo\OrtoMap.h(231,185): warning C4244: 'argument': conversion from 'T' to 'T', possible loss of data
          with
          [
              T=unsigned int
          ]
          and
          [
              T=float
          ]
C:\Users\Issac Rodriguez\Desktop\RPG\GameProjectTwo\GameProjectTwo\OrtoMap.h(232,106): warning C4244: 'argument': conversion from 'T' to 'T', possible loss of data
          with
          [
              T=unsigned int
          ]
          and
          [
              T=float
          ]
C:\Users\Issac Rodriguez\Desktop\RPG\GameProjectTwo\GameProjectTwo\OrtoMap.h(232,176): warning C4244: 'argument': conversion from 'T' to 'T', possible loss of data
          with
          [
              T=unsigned int
          ]
          and
          [
              T=float
          ]
C:\Users\Issac Rodriguez\Desktop\RPG\GameProjectTwo\GameProjectTwo\OrtoMap.h(286,22): warning C4244: 'return': conversion from 'T' to 'int', possible loss of data
          with
          [
              T=float
          ]
C:\Users\Issac Rodriguez\Desktop\RPG\GameProjectTwo\GameProjectTwo\OrtoMap.h(465,25): warning C4244: 'initializing': conversion from 'float' to 'uint32_t', possible loss of data
C:\Users\Issac Rodriguez\Desktop\RPG\GameProjectTwo\GameProjectTwo\OrtoMap.h(466,25): warning C4244: 'initializing': conversion from 'float' to 'uint32_t', possible loss of data
C:\Users\Issac Rodriguez\Desktop\RPG\GameProjectTwo\GameProjectTwo\OrtoMap.h(467,76): warning C4244: '=': conversion from 'T' to 'T', possible loss of data
          with
          [
              T=float
          ]
          and
          [
              T=unsigned int
          ]
C:\Users\Issac Rodriguez\Desktop\RPG\GameProjectTwo\GameProjectTwo\OrtoMap.h(468,76): warning C4244: '=': conversion from 'T' to 'T', possible loss of data
          with
          [
              T=float
          ]
          and
          [
              T=unsigned int
          ]
  GameMap.cpp
C:\Users\Issac Rodriguez\Desktop\RPG\GameProjectTwo\GameProjectTwo\OrtoMap.h(161,35): warning C4244: '=': conversion from 'T' to 'T', possible loss of data
          with
          [
              T=int
          ]
          and
          [
              T=float
          ]
C:\Users\Issac Rodriguez\Desktop\RPG\GameProjectTwo\GameProjectTwo\OrtoMap.h(162,35): warning C4244: '=': conversion from 'T' to 'T', possible loss of data
          with
          [
              T=int
          ]
          and
          [
              T=float
          ]
C:\Users\Issac Rodriguez\Desktop\RPG\GameProjectTwo\GameProjectTwo\OrtoMap.h(220,55): warning C4244: 'argument': conversion from 'size_t' to 'T', possible loss of data
          with
          [
              T=float
          ]
C:\Users\Issac Rodriguez\Desktop\RPG\GameProjectTwo\GameProjectTwo\OrtoMap.h(223,89): warning C4244: 'argument': conversion from 'uint32_t' to 'T', possible loss of data
          with
          [
              T=float
          ]
C:\Users\Issac Rodriguez\Desktop\RPG\GameProjectTwo\GameProjectTwo\OrtoMap.h(223,60): warning C4244: 'argument': conversion from 'uint32_t' to 'T', possible loss of data
          with
          [
              T=float
          ]
C:\Users\Issac Rodriguez\Desktop\RPG\GameProjectTwo\GameProjectTwo\OrtoMap.h(230,101): warning C4244: 'argument': conversion from 'T' to 'T', possible loss of data
          with
          [
              T=unsigned int
          ]
          and
          [
              T=float
          ]
C:\Users\Issac Rodriguez\Desktop\RPG\GameProjectTwo\GameProjectTwo\OrtoMap.h(230,171): warning C4244: 'argument': conversion from 'T' to 'T', possible loss of data
          with
          [
              T=unsigned int
          ]
          and
          [
              T=float
          ]
C:\Users\Issac Rodriguez\Desktop\RPG\GameProjectTwo\GameProjectTwo\OrtoMap.h(231,120): warning C4244: 'argument': conversion from 'T' to 'T', possible loss of data
          with
          [
              T=unsigned int
          ]
          and
          [
              T=float
          ]
C:\Users\Issac Rodriguez\Desktop\RPG\GameProjectTwo\GameProjectTwo\OrtoMap.h(231,101): warning C4244: 'argument': conversion from 'T' to 'T', possible loss of data
          with
          [
              T=unsigned int
          ]
          and
          [
              T=float
          ]
C:\Users\Issac Rodriguez\Desktop\RPG\GameProjectTwo\GameProjectTwo\OrtoMap.h(231,204): warning C4244: 'argument': conversion from 'T' to 'T', possible loss of data
          with
          [
              T=unsigned int
          ]
          and
          [
              T=float
          ]
C:\Users\Issac Rodriguez\Desktop\RPG\GameProjectTwo\GameProjectTwo\OrtoMap.h(231,185): warning C4244: 'argument': conversion from 'T' to 'T', possible loss of data
          with
          [
              T=unsigned int
          ]
          and
          [
              T=float
          ]
C:\Users\Issac Rodriguez\Desktop\RPG\GameProjectTwo\GameProjectTwo\OrtoMap.h(232,106): warning C4244: 'argument': conversion from 'T' to 'T', possible loss of data
          with
          [
              T=unsigned int
          ]
          and
          [
              T=float
          ]
C:\Users\Issac Rodriguez\Desktop\RPG\GameProjectTwo\GameProjectTwo\OrtoMap.h(232,176): warning C4244: 'argument': conversion from 'T' to 'T', possible loss of data
          with
          [
              T=unsigned int
          ]
          and
          [
              T=float
          ]
C:\Users\Issac Rodriguez\Desktop\RPG\GameProjectTwo\GameProjectTwo\OrtoMap.h(286,22): warning C4244: 'return': conversion from 'T' to 'int', possible loss of data
          with
          [
              T=float
          ]
C:\Users\Issac Rodriguez\Desktop\RPG\GameProjectTwo\GameProjectTwo\OrtoMap.h(465,25): warning C4244: 'initializing': conversion from 'float' to 'uint32_t', possible loss of data
C:\Users\Issac Rodriguez\Desktop\RPG\GameProjectTwo\GameProjectTwo\OrtoMap.h(466,25): warning C4244: 'initializing': conversion from 'float' to 'uint32_t', possible loss of data
C:\Users\Issac Rodriguez\Desktop\RPG\GameProjectTwo\GameProjectTwo\OrtoMap.h(467,76): warning C4244: '=': conversion from 'T' to 'T', possible loss of data
          with
          [
              T=float
          ]
          and
          [
              T=unsigned int
          ]
C:\Users\Issac Rodriguez\Desktop\RPG\GameProjectTwo\GameProjectTwo\OrtoMap.h(468,76): warning C4244: '=': conversion from 'T' to 'T', possible loss of data
          with
          [
              T=float
          ]
          and
          [
              T=unsigned int
          ]
C:\Users\Issac Rodriguez\Desktop\RPG\GameProjectTwo\GameProjectTwo\GameMap.cpp(40,23): warning C4018: '<=': signed/unsigned mismatch
C:\Users\Issac Rodriguez\Desktop\RPG\GameProjectTwo\GameProjectTwo\GameMap.cpp(71,23): warning C4018: '<': signed/unsigned mismatch
C:\Users\Issac Rodriguez\Desktop\RPG\GameProjectTwo\GameProjectTwo\GameMap.cpp(72,27): warning C4018: '<': signed/unsigned mismatch
C:\Users\Issac Rodriguez\Desktop\RPG\GameProjectTwo\GameProjectTwo\GameMap.cpp(111,23): warning C4018: '<': signed/unsigned mismatch
C:\Users\Issac Rodriguez\Desktop\RPG\GameProjectTwo\GameProjectTwo\GameMap.cpp(115,84): warning C4244: 'argument': conversion from '_Rep' to 'unsigned int', possible loss of data
          with
          [
              _Rep=__int64
          ]
C:\Users\Issac Rodriguez\Desktop\RPG\GameProjectTwo\GameProjectTwo\GameMap.cpp(120,88): warning C4244: 'argument': conversion from '_Rep' to 'unsigned int', possible loss of data
          with
          [
              _Rep=__int64
          ]
C:\Users\Issac Rodriguez\Desktop\RPG\GameProjectTwo\GameProjectTwo\GameMap.cpp(134,23): warning C4018: '<': signed/unsigned mismatch
C:\Users\Issac Rodriguez\Desktop\RPG\GameProjectTwo\GameProjectTwo\GameMap.cpp(135,27): warning C4018: '<': signed/unsigned mismatch
  Potion.cpp
  Tree.cpp
  Generating Code...
C:\Users\Issac Rodriguez\Desktop\RPG\GameProjectTwo\GameProjectTwo\GameMap.cpp(97): warning C4715: 'GameMap::getPlayerStartPosition': not all control paths return a value
     Creating library C:\Users\Issac Rodriguez\Desktop\RPG\GameProjectTwo\GameProjectTwo\Debug\GameProjectTwo.lib and object C:\Users\Issac Rodriguez\Desktop\RPG\GameProjectTwo\GameProjectTwo\Debug\GameProjectTwo.exp
  GameProjectTwo.vcxproj -> C:\Users\Issac Rodriguez\Desktop\RPG\GameProjectTwo\GameProjectTwo\Debug\GameProjectTwo.exe
