  EnemyFactory.cpp
C:\Users\Kmont\source\repos\GameProjectTwo\GameProjectTwo\OrtoMap.h(161,35): warning C4244: '=': conversion from 'T' to 'T', possible loss of data
          with
          [
              T=int
          ]
          and
          [
              T=float
          ]
C:\Users\Kmont\source\repos\GameProjectTwo\GameProjectTwo\OrtoMap.h(162,35): warning C4244: '=': conversion from 'T' to 'T', possible loss of data
          with
          [
              T=int
          ]
          and
          [
              T=float
          ]
C:\Users\Kmont\source\repos\GameProjectTwo\GameProjectTwo\OrtoMap.h(220,55): warning C4244: 'argument': conversion from 'size_t' to 'T', possible loss of data
          with
          [
              T=float
          ]
C:\Users\Kmont\source\repos\GameProjectTwo\GameProjectTwo\OrtoMap.h(223,89): warning C4244: 'argument': conversion from 'uint32_t' to 'T', possible loss of data
          with
          [
              T=float
          ]
C:\Users\Kmont\source\repos\GameProjectTwo\GameProjectTwo\OrtoMap.h(223,60): warning C4244: 'argument': conversion from 'uint32_t' to 'T', possible loss of data
          with
          [
              T=float
          ]
C:\Users\Kmont\source\repos\GameProjectTwo\GameProjectTwo\OrtoMap.h(230,101): warning C4244: 'argument': conversion from 'T' to 'T', possible loss of data
          with
          [
              T=unsigned int
          ]
          and
          [
              T=float
          ]
C:\Users\Kmont\source\repos\GameProjectTwo\GameProjectTwo\OrtoMap.h(230,171): warning C4244: 'argument': conversion from 'T' to 'T', possible loss of data
          with
          [
              T=unsigned int
          ]
          and
          [
              T=float
          ]
C:\Users\Kmont\source\repos\GameProjectTwo\GameProjectTwo\OrtoMap.h(231,120): warning C4244: 'argument': conversion from 'T' to 'T', possible loss of data
          with
          [
              T=unsigned int
          ]
          and
          [
              T=float
          ]
C:\Users\Kmont\source\repos\GameProjectTwo\GameProjectTwo\OrtoMap.h(231,101): warning C4244: 'argument': conversion from 'T' to 'T', possible loss of data
          with
          [
              T=unsigned int
          ]
          and
          [
              T=float
          ]
C:\Users\Kmont\source\repos\GameProjectTwo\GameProjectTwo\OrtoMap.h(231,204): warning C4244: 'argument': conversion from 'T' to 'T', possible loss of data
          with
          [
              T=unsigned int
          ]
          and
          [
              T=float
          ]
C:\Users\Kmont\source\repos\GameProjectTwo\GameProjectTwo\OrtoMap.h(231,185): warning C4244: 'argument': conversion from 'T' to 'T', possible loss of data
          with
          [
              T=unsigned int
          ]
          and
          [
              T=float
          ]
C:\Users\Kmont\source\repos\GameProjectTwo\GameProjectTwo\OrtoMap.h(232,106): warning C4244: 'argument': conversion from 'T' to 'T', possible loss of data
          with
          [
              T=unsigned int
          ]
          and
          [
              T=float
          ]
C:\Users\Kmont\source\repos\GameProjectTwo\GameProjectTwo\OrtoMap.h(232,176): warning C4244: 'argument': conversion from 'T' to 'T', possible loss of data
          with
          [
              T=unsigned int
          ]
          and
          [
              T=float
          ]
C:\Users\Kmont\source\repos\GameProjectTwo\GameProjectTwo\OrtoMap.h(286,22): warning C4244: 'return': conversion from 'T' to 'int', possible loss of data
          with
          [
              T=float
          ]
C:\Users\Kmont\source\repos\GameProjectTwo\GameProjectTwo\OrtoMap.h(465,25): warning C4244: 'initializing': conversion from 'float' to 'uint32_t', possible loss of data
C:\Users\Kmont\source\repos\GameProjectTwo\GameProjectTwo\OrtoMap.h(466,25): warning C4244: 'initializing': conversion from 'float' to 'uint32_t', possible loss of data
C:\Users\Kmont\source\repos\GameProjectTwo\GameProjectTwo\OrtoMap.h(467,76): warning C4244: '=': conversion from 'T' to 'T', possible loss of data
          with
          [
              T=float
          ]
          and
          [
              T=unsigned int
          ]
C:\Users\Kmont\source\repos\GameProjectTwo\GameProjectTwo\OrtoMap.h(468,76): warning C4244: '=': conversion from 'T' to 'T', possible loss of data
          with
          [
              T=float
          ]
          and
          [
              T=unsigned int
          ]
C:\Users\Kmont\source\repos\GameProjectTwo\GameProjectTwo\Factories\EnemyFactory.cpp(18,69): warning C4244: 'argument': conversion from '_Rep' to 'unsigned int', possible loss of data
          with
          [
              _Rep=__int64
          ]
  Character.cpp
  Block.cpp
C:\Users\Kmont\source\repos\GameProjectTwo\GameProjectTwo\OrtoMap.h(161,35): warning C4244: '=': conversion from 'T' to 'T', possible loss of data
          with
          [
              T=int
          ]
          and
          [
              T=float
          ]
C:\Users\Kmont\source\repos\GameProjectTwo\GameProjectTwo\OrtoMap.h(162,35): warning C4244: '=': conversion from 'T' to 'T', possible loss of data
          with
          [
              T=int
          ]
          and
          [
              T=float
          ]
C:\Users\Kmont\source\repos\GameProjectTwo\GameProjectTwo\OrtoMap.h(220,55): warning C4244: 'argument': conversion from 'size_t' to 'T', possible loss of data
          with
          [
              T=float
          ]
C:\Users\Kmont\source\repos\GameProjectTwo\GameProjectTwo\OrtoMap.h(223,89): warning C4244: 'argument': conversion from 'uint32_t' to 'T', possible loss of data
          with
          [
              T=float
          ]
C:\Users\Kmont\source\repos\GameProjectTwo\GameProjectTwo\OrtoMap.h(223,60): warning C4244: 'argument': conversion from 'uint32_t' to 'T', possible loss of data
          with
          [
              T=float
          ]
C:\Users\Kmont\source\repos\GameProjectTwo\GameProjectTwo\OrtoMap.h(230,101): warning C4244: 'argument': conversion from 'T' to 'T', possible loss of data
          with
          [
              T=unsigned int
          ]
          and
          [
              T=float
          ]
C:\Users\Kmont\source\repos\GameProjectTwo\GameProjectTwo\OrtoMap.h(230,171): warning C4244: 'argument': conversion from 'T' to 'T', possible loss of data
          with
          [
              T=unsigned int
          ]
          and
          [
              T=float
          ]
C:\Users\Kmont\source\repos\GameProjectTwo\GameProjectTwo\OrtoMap.h(231,120): warning C4244: 'argument': conversion from 'T' to 'T', possible loss of data
          with
          [
              T=unsigned int
          ]
          and
          [
              T=float
          ]
C:\Users\Kmont\source\repos\GameProjectTwo\GameProjectTwo\OrtoMap.h(231,101): warning C4244: 'argument': conversion from 'T' to 'T', possible loss of data
          with
          [
              T=unsigned int
          ]
          and
          [
              T=float
          ]
C:\Users\Kmont\source\repos\GameProjectTwo\GameProjectTwo\OrtoMap.h(231,204): warning C4244: 'argument': conversion from 'T' to 'T', possible loss of data
          with
          [
              T=unsigned int
          ]
          and
          [
              T=float
          ]
C:\Users\Kmont\source\repos\GameProjectTwo\GameProjectTwo\OrtoMap.h(231,185): warning C4244: 'argument': conversion from 'T' to 'T', possible loss of data
          with
          [
              T=unsigned int
          ]
          and
          [
              T=float
          ]
C:\Users\Kmont\source\repos\GameProjectTwo\GameProjectTwo\OrtoMap.h(232,106): warning C4244: 'argument': conversion from 'T' to 'T', possible loss of data
          with
          [
              T=unsigned int
          ]
          and
          [
              T=float
          ]
C:\Users\Kmont\source\repos\GameProjectTwo\GameProjectTwo\OrtoMap.h(232,176): warning C4244: 'argument': conversion from 'T' to 'T', possible loss of data
          with
          [
              T=unsigned int
          ]
          and
          [
              T=float
          ]
C:\Users\Kmont\source\repos\GameProjectTwo\GameProjectTwo\OrtoMap.h(286,22): warning C4244: 'return': conversion from 'T' to 'int', possible loss of data
          with
          [
              T=float
          ]
C:\Users\Kmont\source\repos\GameProjectTwo\GameProjectTwo\OrtoMap.h(465,25): warning C4244: 'initializing': conversion from 'float' to 'uint32_t', possible loss of data
C:\Users\Kmont\source\repos\GameProjectTwo\GameProjectTwo\OrtoMap.h(466,25): warning C4244: 'initializing': conversion from 'float' to 'uint32_t', possible loss of data
C:\Users\Kmont\source\repos\GameProjectTwo\GameProjectTwo\OrtoMap.h(467,76): warning C4244: '=': conversion from 'T' to 'T', possible loss of data
          with
          [
              T=float
          ]
          and
          [
              T=unsigned int
          ]
C:\Users\Kmont\source\repos\GameProjectTwo\GameProjectTwo\OrtoMap.h(468,76): warning C4244: '=': conversion from 'T' to 'T', possible loss of data
          with
          [
              T=float
          ]
          and
          [
              T=unsigned int
          ]
C:\Users\Kmont\source\repos\GameProjectTwo\GameProjectTwo\Entities\Characters\ComputerPlayers\Enemies\Block.cpp(107,40): warning C4305: 'argument': truncation from 'double' to 'float'
  CollegeStudent.cpp
C:\Users\Kmont\source\repos\GameProjectTwo\GameProjectTwo\OrtoMap.h(161,35): warning C4244: '=': conversion from 'T' to 'T', possible loss of data
          with
          [
              T=int
          ]
          and
          [
              T=float
          ]
C:\Users\Kmont\source\repos\GameProjectTwo\GameProjectTwo\OrtoMap.h(162,35): warning C4244: '=': conversion from 'T' to 'T', possible loss of data
          with
          [
              T=int
          ]
          and
          [
              T=float
          ]
C:\Users\Kmont\source\repos\GameProjectTwo\GameProjectTwo\OrtoMap.h(220,55): warning C4244: 'argument': conversion from 'size_t' to 'T', possible loss of data
          with
          [
              T=float
          ]
C:\Users\Kmont\source\repos\GameProjectTwo\GameProjectTwo\OrtoMap.h(223,89): warning C4244: 'argument': conversion from 'uint32_t' to 'T', possible loss of data
          with
          [
              T=float
          ]
C:\Users\Kmont\source\repos\GameProjectTwo\GameProjectTwo\OrtoMap.h(223,60): warning C4244: 'argument': conversion from 'uint32_t' to 'T', possible loss of data
          with
          [
              T=float
          ]
C:\Users\Kmont\source\repos\GameProjectTwo\GameProjectTwo\OrtoMap.h(230,101): warning C4244: 'argument': conversion from 'T' to 'T', possible loss of data
          with
          [
              T=unsigned int
          ]
          and
          [
              T=float
          ]
C:\Users\Kmont\source\repos\GameProjectTwo\GameProjectTwo\OrtoMap.h(230,171): warning C4244: 'argument': conversion from 'T' to 'T', possible loss of data
          with
          [
              T=unsigned int
          ]
          and
          [
              T=float
          ]
C:\Users\Kmont\source\repos\GameProjectTwo\GameProjectTwo\OrtoMap.h(231,120): warning C4244: 'argument': conversion from 'T' to 'T', possible loss of data
          with
          [
              T=unsigned int
          ]
          and
          [
              T=float
          ]
C:\Users\Kmont\source\repos\GameProjectTwo\GameProjectTwo\OrtoMap.h(231,101): warning C4244: 'argument': conversion from 'T' to 'T', possible loss of data
          with
          [
              T=unsigned int
          ]
          and
          [
              T=float
          ]
C:\Users\Kmont\source\repos\GameProjectTwo\GameProjectTwo\OrtoMap.h(231,204): warning C4244: 'argument': conversion from 'T' to 'T', possible loss of data
          with
          [
              T=unsigned int
          ]
          and
          [
              T=float
          ]
C:\Users\Kmont\source\repos\GameProjectTwo\GameProjectTwo\OrtoMap.h(231,185): warning C4244: 'argument': conversion from 'T' to 'T', possible loss of data
          with
          [
              T=unsigned int
          ]
          and
          [
              T=float
          ]
C:\Users\Kmont\source\repos\GameProjectTwo\GameProjectTwo\OrtoMap.h(232,106): warning C4244: 'argument': conversion from 'T' to 'T', possible loss of data
          with
          [
              T=unsigned int
          ]
          and
          [
              T=float
          ]
C:\Users\Kmont\source\repos\GameProjectTwo\GameProjectTwo\OrtoMap.h(232,176): warning C4244: 'argument': conversion from 'T' to 'T', possible loss of data
          with
          [
              T=unsigned int
          ]
          and
          [
              T=float
          ]
C:\Users\Kmont\source\repos\GameProjectTwo\GameProjectTwo\OrtoMap.h(286,22): warning C4244: 'return': conversion from 'T' to 'int', possible loss of data
          with
          [
              T=float
          ]
C:\Users\Kmont\source\repos\GameProjectTwo\GameProjectTwo\OrtoMap.h(465,25): warning C4244: 'initializing': conversion from 'float' to 'uint32_t', possible loss of data
C:\Users\Kmont\source\repos\GameProjectTwo\GameProjectTwo\OrtoMap.h(466,25): warning C4244: 'initializing': conversion from 'float' to 'uint32_t', possible loss of data
C:\Users\Kmont\source\repos\GameProjectTwo\GameProjectTwo\OrtoMap.h(467,76): warning C4244: '=': conversion from 'T' to 'T', possible loss of data
          with
          [
              T=float
          ]
          and
          [
              T=unsigned int
          ]
C:\Users\Kmont\source\repos\GameProjectTwo\GameProjectTwo\OrtoMap.h(468,76): warning C4244: '=': conversion from 'T' to 'T', possible loss of data
          with
          [
              T=float
          ]
          and
          [
              T=unsigned int
          ]
C:\Users\Kmont\source\repos\GameProjectTwo\GameProjectTwo\Entities\Characters\ComputerPlayers\Enemies\CollegeStudent.cpp(102,40): warning C4305: 'argument': truncation from 'double' to 'float'
  Dumb.cpp
C:\Users\Kmont\source\repos\GameProjectTwo\GameProjectTwo\OrtoMap.h(161,35): warning C4244: '=': conversion from 'T' to 'T', possible loss of data
          with
          [
              T=int
          ]
          and
          [
              T=float
          ]
C:\Users\Kmont\source\repos\GameProjectTwo\GameProjectTwo\OrtoMap.h(162,35): warning C4244: '=': conversion from 'T' to 'T', possible loss of data
          with
          [
              T=int
          ]
          and
          [
              T=float
          ]
C:\Users\Kmont\source\repos\GameProjectTwo\GameProjectTwo\OrtoMap.h(220,55): warning C4244: 'argument': conversion from 'size_t' to 'T', possible loss of data
          with
          [
              T=float
          ]
C:\Users\Kmont\source\repos\GameProjectTwo\GameProjectTwo\OrtoMap.h(223,89): warning C4244: 'argument': conversion from 'uint32_t' to 'T', possible loss of data
          with
          [
              T=float
          ]
C:\Users\Kmont\source\repos\GameProjectTwo\GameProjectTwo\OrtoMap.h(223,60): warning C4244: 'argument': conversion from 'uint32_t' to 'T', possible loss of data
          with
          [
              T=float
          ]
C:\Users\Kmont\source\repos\GameProjectTwo\GameProjectTwo\OrtoMap.h(230,101): warning C4244: 'argument': conversion from 'T' to 'T', possible loss of data
          with
          [
              T=unsigned int
          ]
          and
          [
              T=float
          ]
C:\Users\Kmont\source\repos\GameProjectTwo\GameProjectTwo\OrtoMap.h(230,171): warning C4244: 'argument': conversion from 'T' to 'T', possible loss of data
          with
          [
              T=unsigned int
          ]
          and
          [
              T=float
          ]
C:\Users\Kmont\source\repos\GameProjectTwo\GameProjectTwo\OrtoMap.h(231,120): warning C4244: 'argument': conversion from 'T' to 'T', possible loss of data
          with
          [
              T=unsigned int
          ]
          and
          [
              T=float
          ]
C:\Users\Kmont\source\repos\GameProjectTwo\GameProjectTwo\OrtoMap.h(231,101): warning C4244: 'argument': conversion from 'T' to 'T', possible loss of data
          with
          [
              T=unsigned int
          ]
          and
          [
              T=float
          ]
C:\Users\Kmont\source\repos\GameProjectTwo\GameProjectTwo\OrtoMap.h(231,204): warning C4244: 'argument': conversion from 'T' to 'T', possible loss of data
          with
          [
              T=unsigned int
          ]
          and
          [
              T=float
          ]
C:\Users\Kmont\source\repos\GameProjectTwo\GameProjectTwo\OrtoMap.h(231,185): warning C4244: 'argument': conversion from 'T' to 'T', possible loss of data
          with
          [
              T=unsigned int
          ]
          and
          [
              T=float
          ]
C:\Users\Kmont\source\repos\GameProjectTwo\GameProjectTwo\OrtoMap.h(232,106): warning C4244: 'argument': conversion from 'T' to 'T', possible loss of data
          with
          [
              T=unsigned int
          ]
          and
          [
              T=float
          ]
C:\Users\Kmont\source\repos\GameProjectTwo\GameProjectTwo\OrtoMap.h(232,176): warning C4244: 'argument': conversion from 'T' to 'T', possible loss of data
          with
          [
              T=unsigned int
          ]
          and
          [
              T=float
          ]
C:\Users\Kmont\source\repos\GameProjectTwo\GameProjectTwo\OrtoMap.h(286,22): warning C4244: 'return': conversion from 'T' to 'int', possible loss of data
          with
          [
              T=float
          ]
C:\Users\Kmont\source\repos\GameProjectTwo\GameProjectTwo\OrtoMap.h(465,25): warning C4244: 'initializing': conversion from 'float' to 'uint32_t', possible loss of data
C:\Users\Kmont\source\repos\GameProjectTwo\GameProjectTwo\OrtoMap.h(466,25): warning C4244: 'initializing': conversion from 'float' to 'uint32_t', possible loss of data
C:\Users\Kmont\source\repos\GameProjectTwo\GameProjectTwo\OrtoMap.h(467,76): warning C4244: '=': conversion from 'T' to 'T', possible loss of data
          with
          [
              T=float
          ]
          and
          [
              T=unsigned int
          ]
C:\Users\Kmont\source\repos\GameProjectTwo\GameProjectTwo\OrtoMap.h(468,76): warning C4244: '=': conversion from 'T' to 'T', possible loss of data
          with
          [
              T=float
          ]
          and
          [
              T=unsigned int
          ]
C:\Users\Kmont\source\repos\GameProjectTwo\GameProjectTwo\Entities\Characters\ComputerPlayers\Enemies\Dumb.cpp(102,40): warning C4305: 'argument': truncation from 'double' to 'float'
  Fish.cpp
C:\Users\Kmont\source\repos\GameProjectTwo\GameProjectTwo\OrtoMap.h(161,35): warning C4244: '=': conversion from 'T' to 'T', possible loss of data
          with
          [
              T=int
          ]
          and
          [
              T=float
          ]
C:\Users\Kmont\source\repos\GameProjectTwo\GameProjectTwo\OrtoMap.h(162,35): warning C4244: '=': conversion from 'T' to 'T', possible loss of data
          with
          [
              T=int
          ]
          and
          [
              T=float
          ]
C:\Users\Kmont\source\repos\GameProjectTwo\GameProjectTwo\OrtoMap.h(220,55): warning C4244: 'argument': conversion from 'size_t' to 'T', possible loss of data
          with
          [
              T=float
          ]
C:\Users\Kmont\source\repos\GameProjectTwo\GameProjectTwo\OrtoMap.h(223,89): warning C4244: 'argument': conversion from 'uint32_t' to 'T', possible loss of data
          with
          [
              T=float
          ]
C:\Users\Kmont\source\repos\GameProjectTwo\GameProjectTwo\OrtoMap.h(223,60): warning C4244: 'argument': conversion from 'uint32_t' to 'T', possible loss of data
          with
          [
              T=float
          ]
C:\Users\Kmont\source\repos\GameProjectTwo\GameProjectTwo\OrtoMap.h(230,101): warning C4244: 'argument': conversion from 'T' to 'T', possible loss of data
          with
          [
              T=unsigned int
          ]
          and
          [
              T=float
          ]
C:\Users\Kmont\source\repos\GameProjectTwo\GameProjectTwo\OrtoMap.h(230,171): warning C4244: 'argument': conversion from 'T' to 'T', possible loss of data
          with
          [
              T=unsigned int
          ]
          and
          [
              T=float
          ]
C:\Users\Kmont\source\repos\GameProjectTwo\GameProjectTwo\OrtoMap.h(231,120): warning C4244: 'argument': conversion from 'T' to 'T', possible loss of data
          with
          [
              T=unsigned int
          ]
          and
          [
              T=float
          ]
C:\Users\Kmont\source\repos\GameProjectTwo\GameProjectTwo\OrtoMap.h(231,101): warning C4244: 'argument': conversion from 'T' to 'T', possible loss of data
          with
          [
              T=unsigned int
          ]
          and
          [
              T=float
          ]
C:\Users\Kmont\source\repos\GameProjectTwo\GameProjectTwo\OrtoMap.h(231,204): warning C4244: 'argument': conversion from 'T' to 'T', possible loss of data
          with
          [
              T=unsigned int
          ]
          and
          [
              T=float
          ]
C:\Users\Kmont\source\repos\GameProjectTwo\GameProjectTwo\OrtoMap.h(231,185): warning C4244: 'argument': conversion from 'T' to 'T', possible loss of data
          with
          [
              T=unsigned int
          ]
          and
          [
              T=float
          ]
C:\Users\Kmont\source\repos\GameProjectTwo\GameProjectTwo\OrtoMap.h(232,106): warning C4244: 'argument': conversion from 'T' to 'T', possible loss of data
          with
          [
              T=unsigned int
          ]
          and
          [
              T=float
          ]
C:\Users\Kmont\source\repos\GameProjectTwo\GameProjectTwo\OrtoMap.h(232,176): warning C4244: 'argument': conversion from 'T' to 'T', possible loss of data
          with
          [
              T=unsigned int
          ]
          and
          [
              T=float
          ]
C:\Users\Kmont\source\repos\GameProjectTwo\GameProjectTwo\OrtoMap.h(286,22): warning C4244: 'return': conversion from 'T' to 'int', possible loss of data
          with
          [
              T=float
          ]
C:\Users\Kmont\source\repos\GameProjectTwo\GameProjectTwo\OrtoMap.h(465,25): warning C4244: 'initializing': conversion from 'float' to 'uint32_t', possible loss of data
C:\Users\Kmont\source\repos\GameProjectTwo\GameProjectTwo\OrtoMap.h(466,25): warning C4244: 'initializing': conversion from 'float' to 'uint32_t', possible loss of data
C:\Users\Kmont\source\repos\GameProjectTwo\GameProjectTwo\OrtoMap.h(467,76): warning C4244: '=': conversion from 'T' to 'T', possible loss of data
          with
          [
              T=float
          ]
          and
          [
              T=unsigned int
          ]
C:\Users\Kmont\source\repos\GameProjectTwo\GameProjectTwo\OrtoMap.h(468,76): warning C4244: '=': conversion from 'T' to 'T', possible loss of data
          with
          [
              T=float
          ]
          and
          [
              T=unsigned int
          ]
C:\Users\Kmont\source\repos\GameProjectTwo\GameProjectTwo\Entities\Characters\ComputerPlayers\Enemies\Fish.cpp(102,40): warning C4305: 'argument': truncation from 'double' to 'float'
  FishTwo.cpp
C:\Users\Kmont\source\repos\GameProjectTwo\GameProjectTwo\OrtoMap.h(161,35): warning C4244: '=': conversion from 'T' to 'T', possible loss of data
          with
          [
              T=int
          ]
          and
          [
              T=float
          ]
C:\Users\Kmont\source\repos\GameProjectTwo\GameProjectTwo\OrtoMap.h(162,35): warning C4244: '=': conversion from 'T' to 'T', possible loss of data
          with
          [
              T=int
          ]
          and
          [
              T=float
          ]
C:\Users\Kmont\source\repos\GameProjectTwo\GameProjectTwo\OrtoMap.h(220,55): warning C4244: 'argument': conversion from 'size_t' to 'T', possible loss of data
          with
          [
              T=float
          ]
C:\Users\Kmont\source\repos\GameProjectTwo\GameProjectTwo\OrtoMap.h(223,89): warning C4244: 'argument': conversion from 'uint32_t' to 'T', possible loss of data
          with
          [
              T=float
          ]
C:\Users\Kmont\source\repos\GameProjectTwo\GameProjectTwo\OrtoMap.h(223,60): warning C4244: 'argument': conversion from 'uint32_t' to 'T', possible loss of data
          with
          [
              T=float
          ]
C:\Users\Kmont\source\repos\GameProjectTwo\GameProjectTwo\OrtoMap.h(230,101): warning C4244: 'argument': conversion from 'T' to 'T', possible loss of data
          with
          [
              T=unsigned int
          ]
          and
          [
              T=float
          ]
C:\Users\Kmont\source\repos\GameProjectTwo\GameProjectTwo\OrtoMap.h(230,171): warning C4244: 'argument': conversion from 'T' to 'T', possible loss of data
          with
          [
              T=unsigned int
          ]
          and
          [
              T=float
          ]
C:\Users\Kmont\source\repos\GameProjectTwo\GameProjectTwo\OrtoMap.h(231,120): warning C4244: 'argument': conversion from 'T' to 'T', possible loss of data
          with
          [
              T=unsigned int
          ]
          and
          [
              T=float
          ]
C:\Users\Kmont\source\repos\GameProjectTwo\GameProjectTwo\OrtoMap.h(231,101): warning C4244: 'argument': conversion from 'T' to 'T', possible loss of data
          with
          [
              T=unsigned int
          ]
          and
          [
              T=float
          ]
C:\Users\Kmont\source\repos\GameProjectTwo\GameProjectTwo\OrtoMap.h(231,204): warning C4244: 'argument': conversion from 'T' to 'T', possible loss of data
          with
          [
              T=unsigned int
          ]
          and
          [
              T=float
          ]
C:\Users\Kmont\source\repos\GameProjectTwo\GameProjectTwo\OrtoMap.h(231,185): warning C4244: 'argument': conversion from 'T' to 'T', possible loss of data
          with
          [
              T=unsigned int
          ]
          and
          [
              T=float
          ]
C:\Users\Kmont\source\repos\GameProjectTwo\GameProjectTwo\OrtoMap.h(232,106): warning C4244: 'argument': conversion from 'T' to 'T', possible loss of data
          with
          [
              T=unsigned int
          ]
          and
          [
              T=float
          ]
C:\Users\Kmont\source\repos\GameProjectTwo\GameProjectTwo\OrtoMap.h(232,176): warning C4244: 'argument': conversion from 'T' to 'T', possible loss of data
          with
          [
              T=unsigned int
          ]
          and
          [
              T=float
          ]
C:\Users\Kmont\source\repos\GameProjectTwo\GameProjectTwo\OrtoMap.h(286,22): warning C4244: 'return': conversion from 'T' to 'int', possible loss of data
          with
          [
              T=float
          ]
C:\Users\Kmont\source\repos\GameProjectTwo\GameProjectTwo\OrtoMap.h(465,25): warning C4244: 'initializing': conversion from 'float' to 'uint32_t', possible loss of data
C:\Users\Kmont\source\repos\GameProjectTwo\GameProjectTwo\OrtoMap.h(466,25): warning C4244: 'initializing': conversion from 'float' to 'uint32_t', possible loss of data
C:\Users\Kmont\source\repos\GameProjectTwo\GameProjectTwo\OrtoMap.h(467,76): warning C4244: '=': conversion from 'T' to 'T', possible loss of data
          with
          [
              T=float
          ]
          and
          [
              T=unsigned int
          ]
C:\Users\Kmont\source\repos\GameProjectTwo\GameProjectTwo\OrtoMap.h(468,76): warning C4244: '=': conversion from 'T' to 'T', possible loss of data
          with
          [
              T=float
          ]
          and
          [
              T=unsigned int
          ]
C:\Users\Kmont\source\repos\GameProjectTwo\GameProjectTwo\Entities\Characters\ComputerPlayers\Enemies\FishTwo.cpp(102,40): warning C4305: 'argument': truncation from 'double' to 'float'
  FlyingRodent.cpp
C:\Users\Kmont\source\repos\GameProjectTwo\GameProjectTwo\OrtoMap.h(161,35): warning C4244: '=': conversion from 'T' to 'T', possible loss of data
          with
          [
              T=int
          ]
          and
          [
              T=float
          ]
C:\Users\Kmont\source\repos\GameProjectTwo\GameProjectTwo\OrtoMap.h(162,35): warning C4244: '=': conversion from 'T' to 'T', possible loss of data
          with
          [
              T=int
          ]
          and
          [
              T=float
          ]
C:\Users\Kmont\source\repos\GameProjectTwo\GameProjectTwo\OrtoMap.h(220,55): warning C4244: 'argument': conversion from 'size_t' to 'T', possible loss of data
          with
          [
              T=float
          ]
C:\Users\Kmont\source\repos\GameProjectTwo\GameProjectTwo\OrtoMap.h(223,89): warning C4244: 'argument': conversion from 'uint32_t' to 'T', possible loss of data
          with
          [
              T=float
          ]
C:\Users\Kmont\source\repos\GameProjectTwo\GameProjectTwo\OrtoMap.h(223,60): warning C4244: 'argument': conversion from 'uint32_t' to 'T', possible loss of data
          with
          [
              T=float
          ]
C:\Users\Kmont\source\repos\GameProjectTwo\GameProjectTwo\OrtoMap.h(230,101): warning C4244: 'argument': conversion from 'T' to 'T', possible loss of data
          with
          [
              T=unsigned int
          ]
          and
          [
              T=float
          ]
C:\Users\Kmont\source\repos\GameProjectTwo\GameProjectTwo\OrtoMap.h(230,171): warning C4244: 'argument': conversion from 'T' to 'T', possible loss of data
          with
          [
              T=unsigned int
          ]
          and
          [
              T=float
          ]
C:\Users\Kmont\source\repos\GameProjectTwo\GameProjectTwo\OrtoMap.h(231,120): warning C4244: 'argument': conversion from 'T' to 'T', possible loss of data
          with
          [
              T=unsigned int
          ]
          and
          [
              T=float
          ]
C:\Users\Kmont\source\repos\GameProjectTwo\GameProjectTwo\OrtoMap.h(231,101): warning C4244: 'argument': conversion from 'T' to 'T', possible loss of data
          with
          [
              T=unsigned int
          ]
          and
          [
              T=float
          ]
C:\Users\Kmont\source\repos\GameProjectTwo\GameProjectTwo\OrtoMap.h(231,204): warning C4244: 'argument': conversion from 'T' to 'T', possible loss of data
          with
          [
              T=unsigned int
          ]
          and
          [
              T=float
          ]
C:\Users\Kmont\source\repos\GameProjectTwo\GameProjectTwo\OrtoMap.h(231,185): warning C4244: 'argument': conversion from 'T' to 'T', possible loss of data
          with
          [
              T=unsigned int
          ]
          and
          [
              T=float
          ]
C:\Users\Kmont\source\repos\GameProjectTwo\GameProjectTwo\OrtoMap.h(232,106): warning C4244: 'argument': conversion from 'T' to 'T', possible loss of data
          with
          [
              T=unsigned int
          ]
          and
          [
              T=float
          ]
C:\Users\Kmont\source\repos\GameProjectTwo\GameProjectTwo\OrtoMap.h(232,176): warning C4244: 'argument': conversion from 'T' to 'T', possible loss of data
          with
          [
              T=unsigned int
          ]
          and
          [
              T=float
          ]
C:\Users\Kmont\source\repos\GameProjectTwo\GameProjectTwo\OrtoMap.h(286,22): warning C4244: 'return': conversion from 'T' to 'int', possible loss of data
          with
          [
              T=float
          ]
C:\Users\Kmont\source\repos\GameProjectTwo\GameProjectTwo\OrtoMap.h(465,25): warning C4244: 'initializing': conversion from 'float' to 'uint32_t', possible loss of data
C:\Users\Kmont\source\repos\GameProjectTwo\GameProjectTwo\OrtoMap.h(466,25): warning C4244: 'initializing': conversion from 'float' to 'uint32_t', possible loss of data
C:\Users\Kmont\source\repos\GameProjectTwo\GameProjectTwo\OrtoMap.h(467,76): warning C4244: '=': conversion from 'T' to 'T', possible loss of data
          with
          [
              T=float
          ]
          and
          [
              T=unsigned int
          ]
C:\Users\Kmont\source\repos\GameProjectTwo\GameProjectTwo\OrtoMap.h(468,76): warning C4244: '=': conversion from 'T' to 'T', possible loss of data
          with
          [
              T=float
          ]
          and
          [
              T=unsigned int
          ]
C:\Users\Kmont\source\repos\GameProjectTwo\GameProjectTwo\Entities\Characters\ComputerPlayers\Enemies\FlyingRodent.cpp(102,40): warning C4305: 'argument': truncation from 'double' to 'float'
  GhostMan.cpp
C:\Users\Kmont\source\repos\GameProjectTwo\GameProjectTwo\OrtoMap.h(161,35): warning C4244: '=': conversion from 'T' to 'T', possible loss of data
          with
          [
              T=int
          ]
          and
          [
              T=float
          ]
C:\Users\Kmont\source\repos\GameProjectTwo\GameProjectTwo\OrtoMap.h(162,35): warning C4244: '=': conversion from 'T' to 'T', possible loss of data
          with
          [
              T=int
          ]
          and
          [
              T=float
          ]
C:\Users\Kmont\source\repos\GameProjectTwo\GameProjectTwo\OrtoMap.h(220,55): warning C4244: 'argument': conversion from 'size_t' to 'T', possible loss of data
          with
          [
              T=float
          ]
C:\Users\Kmont\source\repos\GameProjectTwo\GameProjectTwo\OrtoMap.h(223,89): warning C4244: 'argument': conversion from 'uint32_t' to 'T', possible loss of data
          with
          [
              T=float
          ]
C:\Users\Kmont\source\repos\GameProjectTwo\GameProjectTwo\OrtoMap.h(223,60): warning C4244: 'argument': conversion from 'uint32_t' to 'T', possible loss of data
          with
          [
              T=float
          ]
C:\Users\Kmont\source\repos\GameProjectTwo\GameProjectTwo\OrtoMap.h(230,101): warning C4244: 'argument': conversion from 'T' to 'T', possible loss of data
          with
          [
              T=unsigned int
          ]
          and
          [
              T=float
          ]
C:\Users\Kmont\source\repos\GameProjectTwo\GameProjectTwo\OrtoMap.h(230,171): warning C4244: 'argument': conversion from 'T' to 'T', possible loss of data
          with
          [
              T=unsigned int
          ]
          and
          [
              T=float
          ]
C:\Users\Kmont\source\repos\GameProjectTwo\GameProjectTwo\OrtoMap.h(231,120): warning C4244: 'argument': conversion from 'T' to 'T', possible loss of data
          with
          [
              T=unsigned int
          ]
          and
          [
              T=float
          ]
C:\Users\Kmont\source\repos\GameProjectTwo\GameProjectTwo\OrtoMap.h(231,101): warning C4244: 'argument': conversion from 'T' to 'T', possible loss of data
          with
          [
              T=unsigned int
          ]
          and
          [
              T=float
          ]
C:\Users\Kmont\source\repos\GameProjectTwo\GameProjectTwo\OrtoMap.h(231,204): warning C4244: 'argument': conversion from 'T' to 'T', possible loss of data
          with
          [
              T=unsigned int
          ]
          and
          [
              T=float
          ]
C:\Users\Kmont\source\repos\GameProjectTwo\GameProjectTwo\OrtoMap.h(231,185): warning C4244: 'argument': conversion from 'T' to 'T', possible loss of data
          with
          [
              T=unsigned int
          ]
          and
          [
              T=float
          ]
C:\Users\Kmont\source\repos\GameProjectTwo\GameProjectTwo\OrtoMap.h(232,106): warning C4244: 'argument': conversion from 'T' to 'T', possible loss of data
          with
          [
              T=unsigned int
          ]
          and
          [
              T=float
          ]
C:\Users\Kmont\source\repos\GameProjectTwo\GameProjectTwo\OrtoMap.h(232,176): warning C4244: 'argument': conversion from 'T' to 'T', possible loss of data
          with
          [
              T=unsigned int
          ]
          and
          [
              T=float
          ]
C:\Users\Kmont\source\repos\GameProjectTwo\GameProjectTwo\OrtoMap.h(286,22): warning C4244: 'return': conversion from 'T' to 'int', possible loss of data
          with
          [
              T=float
          ]
C:\Users\Kmont\source\repos\GameProjectTwo\GameProjectTwo\OrtoMap.h(465,25): warning C4244: 'initializing': conversion from 'float' to 'uint32_t', possible loss of data
C:\Users\Kmont\source\repos\GameProjectTwo\GameProjectTwo\OrtoMap.h(466,25): warning C4244: 'initializing': conversion from 'float' to 'uint32_t', possible loss of data
C:\Users\Kmont\source\repos\GameProjectTwo\GameProjectTwo\OrtoMap.h(467,76): warning C4244: '=': conversion from 'T' to 'T', possible loss of data
          with
          [
              T=float
          ]
          and
          [
              T=unsigned int
          ]
C:\Users\Kmont\source\repos\GameProjectTwo\GameProjectTwo\OrtoMap.h(468,76): warning C4244: '=': conversion from 'T' to 'T', possible loss of data
          with
          [
              T=float
          ]
          and
          [
              T=unsigned int
          ]
C:\Users\Kmont\source\repos\GameProjectTwo\GameProjectTwo\Entities\Characters\ComputerPlayers\Enemies\GhostMan.cpp(102,40): warning C4305: 'argument': truncation from 'double' to 'float'
  HairlessCat.cpp
C:\Users\Kmont\source\repos\GameProjectTwo\GameProjectTwo\OrtoMap.h(161,35): warning C4244: '=': conversion from 'T' to 'T', possible loss of data
          with
          [
              T=int
          ]
          and
          [
              T=float
          ]
C:\Users\Kmont\source\repos\GameProjectTwo\GameProjectTwo\OrtoMap.h(162,35): warning C4244: '=': conversion from 'T' to 'T', possible loss of data
          with
          [
              T=int
          ]
          and
          [
              T=float
          ]
C:\Users\Kmont\source\repos\GameProjectTwo\GameProjectTwo\OrtoMap.h(220,55): warning C4244: 'argument': conversion from 'size_t' to 'T', possible loss of data
          with
          [
              T=float
          ]
C:\Users\Kmont\source\repos\GameProjectTwo\GameProjectTwo\OrtoMap.h(223,89): warning C4244: 'argument': conversion from 'uint32_t' to 'T', possible loss of data
          with
          [
              T=float
          ]
C:\Users\Kmont\source\repos\GameProjectTwo\GameProjectTwo\OrtoMap.h(223,60): warning C4244: 'argument': conversion from 'uint32_t' to 'T', possible loss of data
          with
          [
              T=float
          ]
C:\Users\Kmont\source\repos\GameProjectTwo\GameProjectTwo\OrtoMap.h(230,101): warning C4244: 'argument': conversion from 'T' to 'T', possible loss of data
          with
          [
              T=unsigned int
          ]
          and
          [
              T=float
          ]
C:\Users\Kmont\source\repos\GameProjectTwo\GameProjectTwo\OrtoMap.h(230,171): warning C4244: 'argument': conversion from 'T' to 'T', possible loss of data
          with
          [
              T=unsigned int
          ]
          and
          [
              T=float
          ]
C:\Users\Kmont\source\repos\GameProjectTwo\GameProjectTwo\OrtoMap.h(231,120): warning C4244: 'argument': conversion from 'T' to 'T', possible loss of data
          with
          [
              T=unsigned int
          ]
          and
          [
              T=float
          ]
C:\Users\Kmont\source\repos\GameProjectTwo\GameProjectTwo\OrtoMap.h(231,101): warning C4244: 'argument': conversion from 'T' to 'T', possible loss of data
          with
          [
              T=unsigned int
          ]
          and
          [
              T=float
          ]
C:\Users\Kmont\source\repos\GameProjectTwo\GameProjectTwo\OrtoMap.h(231,204): warning C4244: 'argument': conversion from 'T' to 'T', possible loss of data
          with
          [
              T=unsigned int
          ]
          and
          [
              T=float
          ]
C:\Users\Kmont\source\repos\GameProjectTwo\GameProjectTwo\OrtoMap.h(231,185): warning C4244: 'argument': conversion from 'T' to 'T', possible loss of data
          with
          [
              T=unsigned int
          ]
          and
          [
              T=float
          ]
C:\Users\Kmont\source\repos\GameProjectTwo\GameProjectTwo\OrtoMap.h(232,106): warning C4244: 'argument': conversion from 'T' to 'T', possible loss of data
          with
          [
              T=unsigned int
          ]
          and
          [
              T=float
          ]
C:\Users\Kmont\source\repos\GameProjectTwo\GameProjectTwo\OrtoMap.h(232,176): warning C4244: 'argument': conversion from 'T' to 'T', possible loss of data
          with
          [
              T=unsigned int
          ]
          and
          [
              T=float
          ]
C:\Users\Kmont\source\repos\GameProjectTwo\GameProjectTwo\OrtoMap.h(286,22): warning C4244: 'return': conversion from 'T' to 'int', possible loss of data
          with
          [
              T=float
          ]
C:\Users\Kmont\source\repos\GameProjectTwo\GameProjectTwo\OrtoMap.h(465,25): warning C4244: 'initializing': conversion from 'float' to 'uint32_t', possible loss of data
C:\Users\Kmont\source\repos\GameProjectTwo\GameProjectTwo\OrtoMap.h(466,25): warning C4244: 'initializing': conversion from 'float' to 'uint32_t', possible loss of data
C:\Users\Kmont\source\repos\GameProjectTwo\GameProjectTwo\OrtoMap.h(467,76): warning C4244: '=': conversion from 'T' to 'T', possible loss of data
          with
          [
              T=float
          ]
          and
          [
              T=unsigned int
          ]
C:\Users\Kmont\source\repos\GameProjectTwo\GameProjectTwo\OrtoMap.h(468,76): warning C4244: '=': conversion from 'T' to 'T', possible loss of data
          with
          [
              T=float
          ]
          and
          [
              T=unsigned int
          ]
C:\Users\Kmont\source\repos\GameProjectTwo\GameProjectTwo\Entities\Characters\ComputerPlayers\Enemies\HairlessCat.cpp(101,40): warning C4305: 'argument': truncation from 'double' to 'float'
  HappyFace.cpp
C:\Users\Kmont\source\repos\GameProjectTwo\GameProjectTwo\OrtoMap.h(161,35): warning C4244: '=': conversion from 'T' to 'T', possible loss of data
          with
          [
              T=int
          ]
          and
          [
              T=float
          ]
C:\Users\Kmont\source\repos\GameProjectTwo\GameProjectTwo\OrtoMap.h(162,35): warning C4244: '=': conversion from 'T' to 'T', possible loss of data
          with
          [
              T=int
          ]
          and
          [
              T=float
          ]
C:\Users\Kmont\source\repos\GameProjectTwo\GameProjectTwo\OrtoMap.h(220,55): warning C4244: 'argument': conversion from 'size_t' to 'T', possible loss of data
          with
          [
              T=float
          ]
C:\Users\Kmont\source\repos\GameProjectTwo\GameProjectTwo\OrtoMap.h(223,89): warning C4244: 'argument': conversion from 'uint32_t' to 'T', possible loss of data
          with
          [
              T=float
          ]
C:\Users\Kmont\source\repos\GameProjectTwo\GameProjectTwo\OrtoMap.h(223,60): warning C4244: 'argument': conversion from 'uint32_t' to 'T', possible loss of data
          with
          [
              T=float
          ]
C:\Users\Kmont\source\repos\GameProjectTwo\GameProjectTwo\OrtoMap.h(230,101): warning C4244: 'argument': conversion from 'T' to 'T', possible loss of data
          with
          [
              T=unsigned int
          ]
          and
          [
              T=float
          ]
C:\Users\Kmont\source\repos\GameProjectTwo\GameProjectTwo\OrtoMap.h(230,171): warning C4244: 'argument': conversion from 'T' to 'T', possible loss of data
          with
          [
              T=unsigned int
          ]
          and
          [
              T=float
          ]
C:\Users\Kmont\source\repos\GameProjectTwo\GameProjectTwo\OrtoMap.h(231,120): warning C4244: 'argument': conversion from 'T' to 'T', possible loss of data
          with
          [
              T=unsigned int
          ]
          and
          [
              T=float
          ]
C:\Users\Kmont\source\repos\GameProjectTwo\GameProjectTwo\OrtoMap.h(231,101): warning C4244: 'argument': conversion from 'T' to 'T', possible loss of data
          with
          [
              T=unsigned int
          ]
          and
          [
              T=float
          ]
C:\Users\Kmont\source\repos\GameProjectTwo\GameProjectTwo\OrtoMap.h(231,204): warning C4244: 'argument': conversion from 'T' to 'T', possible loss of data
          with
          [
              T=unsigned int
          ]
          and
          [
              T=float
          ]
C:\Users\Kmont\source\repos\GameProjectTwo\GameProjectTwo\OrtoMap.h(231,185): warning C4244: 'argument': conversion from 'T' to 'T', possible loss of data
          with
          [
              T=unsigned int
          ]
          and
          [
              T=float
          ]
C:\Users\Kmont\source\repos\GameProjectTwo\GameProjectTwo\OrtoMap.h(232,106): warning C4244: 'argument': conversion from 'T' to 'T', possible loss of data
          with
          [
              T=unsigned int
          ]
          and
          [
              T=float
          ]
C:\Users\Kmont\source\repos\GameProjectTwo\GameProjectTwo\OrtoMap.h(232,176): warning C4244: 'argument': conversion from 'T' to 'T', possible loss of data
          with
          [
              T=unsigned int
          ]
          and
          [
              T=float
          ]
C:\Users\Kmont\source\repos\GameProjectTwo\GameProjectTwo\OrtoMap.h(286,22): warning C4244: 'return': conversion from 'T' to 'int', possible loss of data
          with
          [
              T=float
          ]
C:\Users\Kmont\source\repos\GameProjectTwo\GameProjectTwo\OrtoMap.h(465,25): warning C4244: 'initializing': conversion from 'float' to 'uint32_t', possible loss of data
C:\Users\Kmont\source\repos\GameProjectTwo\GameProjectTwo\OrtoMap.h(466,25): warning C4244: 'initializing': conversion from 'float' to 'uint32_t', possible loss of data
C:\Users\Kmont\source\repos\GameProjectTwo\GameProjectTwo\OrtoMap.h(467,76): warning C4244: '=': conversion from 'T' to 'T', possible loss of data
          with
          [
              T=float
          ]
          and
          [
              T=unsigned int
          ]
C:\Users\Kmont\source\repos\GameProjectTwo\GameProjectTwo\OrtoMap.h(468,76): warning C4244: '=': conversion from 'T' to 'T', possible loss of data
          with
          [
              T=float
          ]
          and
          [
              T=unsigned int
          ]
C:\Users\Kmont\source\repos\GameProjectTwo\GameProjectTwo\Entities\Characters\ComputerPlayers\Enemies\HappyFace.cpp(102,40): warning C4305: 'argument': truncation from 'double' to 'float'
  Rodent.cpp
C:\Users\Kmont\source\repos\GameProjectTwo\GameProjectTwo\OrtoMap.h(161,35): warning C4244: '=': conversion from 'T' to 'T', possible loss of data
          with
          [
              T=int
          ]
          and
          [
              T=float
          ]
C:\Users\Kmont\source\repos\GameProjectTwo\GameProjectTwo\OrtoMap.h(162,35): warning C4244: '=': conversion from 'T' to 'T', possible loss of data
          with
          [
              T=int
          ]
          and
          [
              T=float
          ]
C:\Users\Kmont\source\repos\GameProjectTwo\GameProjectTwo\OrtoMap.h(220,55): warning C4244: 'argument': conversion from 'size_t' to 'T', possible loss of data
          with
          [
              T=float
          ]
C:\Users\Kmont\source\repos\GameProjectTwo\GameProjectTwo\OrtoMap.h(223,89): warning C4244: 'argument': conversion from 'uint32_t' to 'T', possible loss of data
          with
          [
              T=float
          ]
C:\Users\Kmont\source\repos\GameProjectTwo\GameProjectTwo\OrtoMap.h(223,60): warning C4244: 'argument': conversion from 'uint32_t' to 'T', possible loss of data
          with
          [
              T=float
          ]
C:\Users\Kmont\source\repos\GameProjectTwo\GameProjectTwo\OrtoMap.h(230,101): warning C4244: 'argument': conversion from 'T' to 'T', possible loss of data
          with
          [
              T=unsigned int
          ]
          and
          [
              T=float
          ]
C:\Users\Kmont\source\repos\GameProjectTwo\GameProjectTwo\OrtoMap.h(230,171): warning C4244: 'argument': conversion from 'T' to 'T', possible loss of data
          with
          [
              T=unsigned int
          ]
          and
          [
              T=float
          ]
C:\Users\Kmont\source\repos\GameProjectTwo\GameProjectTwo\OrtoMap.h(231,120): warning C4244: 'argument': conversion from 'T' to 'T', possible loss of data
          with
          [
              T=unsigned int
          ]
          and
          [
              T=float
          ]
C:\Users\Kmont\source\repos\GameProjectTwo\GameProjectTwo\OrtoMap.h(231,101): warning C4244: 'argument': conversion from 'T' to 'T', possible loss of data
          with
          [
              T=unsigned int
          ]
          and
          [
              T=float
          ]
C:\Users\Kmont\source\repos\GameProjectTwo\GameProjectTwo\OrtoMap.h(231,204): warning C4244: 'argument': conversion from 'T' to 'T', possible loss of data
          with
          [
              T=unsigned int
          ]
          and
          [
              T=float
          ]
C:\Users\Kmont\source\repos\GameProjectTwo\GameProjectTwo\OrtoMap.h(231,185): warning C4244: 'argument': conversion from 'T' to 'T', possible loss of data
          with
          [
              T=unsigned int
          ]
          and
          [
              T=float
          ]
C:\Users\Kmont\source\repos\GameProjectTwo\GameProjectTwo\OrtoMap.h(232,106): warning C4244: 'argument': conversion from 'T' to 'T', possible loss of data
          with
          [
              T=unsigned int
          ]
          and
          [
              T=float
          ]
C:\Users\Kmont\source\repos\GameProjectTwo\GameProjectTwo\OrtoMap.h(232,176): warning C4244: 'argument': conversion from 'T' to 'T', possible loss of data
          with
          [
              T=unsigned int
          ]
          and
          [
              T=float
          ]
C:\Users\Kmont\source\repos\GameProjectTwo\GameProjectTwo\OrtoMap.h(286,22): warning C4244: 'return': conversion from 'T' to 'int', possible loss of data
          with
          [
              T=float
          ]
C:\Users\Kmont\source\repos\GameProjectTwo\GameProjectTwo\OrtoMap.h(465,25): warning C4244: 'initializing': conversion from 'float' to 'uint32_t', possible loss of data
C:\Users\Kmont\source\repos\GameProjectTwo\GameProjectTwo\OrtoMap.h(466,25): warning C4244: 'initializing': conversion from 'float' to 'uint32_t', possible loss of data
C:\Users\Kmont\source\repos\GameProjectTwo\GameProjectTwo\OrtoMap.h(467,76): warning C4244: '=': conversion from 'T' to 'T', possible loss of data
          with
          [
              T=float
          ]
          and
          [
              T=unsigned int
          ]
C:\Users\Kmont\source\repos\GameProjectTwo\GameProjectTwo\OrtoMap.h(468,76): warning C4244: '=': conversion from 'T' to 'T', possible loss of data
          with
          [
              T=float
          ]
          and
          [
              T=unsigned int
          ]
C:\Users\Kmont\source\repos\GameProjectTwo\GameProjectTwo\Entities\Characters\ComputerPlayers\Enemies\Rodent.cpp(102,40): warning C4305: 'argument': truncation from 'double' to 'float'
  Trash.cpp
C:\Users\Kmont\source\repos\GameProjectTwo\GameProjectTwo\OrtoMap.h(161,35): warning C4244: '=': conversion from 'T' to 'T', possible loss of data
          with
          [
              T=int
          ]
          and
          [
              T=float
          ]
C:\Users\Kmont\source\repos\GameProjectTwo\GameProjectTwo\OrtoMap.h(162,35): warning C4244: '=': conversion from 'T' to 'T', possible loss of data
          with
          [
              T=int
          ]
          and
          [
              T=float
          ]
C:\Users\Kmont\source\repos\GameProjectTwo\GameProjectTwo\OrtoMap.h(220,55): warning C4244: 'argument': conversion from 'size_t' to 'T', possible loss of data
          with
          [
              T=float
          ]
C:\Users\Kmont\source\repos\GameProjectTwo\GameProjectTwo\OrtoMap.h(223,89): warning C4244: 'argument': conversion from 'uint32_t' to 'T', possible loss of data
          with
          [
              T=float
          ]
C:\Users\Kmont\source\repos\GameProjectTwo\GameProjectTwo\OrtoMap.h(223,60): warning C4244: 'argument': conversion from 'uint32_t' to 'T', possible loss of data
          with
          [
              T=float
          ]
C:\Users\Kmont\source\repos\GameProjectTwo\GameProjectTwo\OrtoMap.h(230,101): warning C4244: 'argument': conversion from 'T' to 'T', possible loss of data
          with
          [
              T=unsigned int
          ]
          and
          [
              T=float
          ]
C:\Users\Kmont\source\repos\GameProjectTwo\GameProjectTwo\OrtoMap.h(230,171): warning C4244: 'argument': conversion from 'T' to 'T', possible loss of data
          with
          [
              T=unsigned int
          ]
          and
          [
              T=float
          ]
C:\Users\Kmont\source\repos\GameProjectTwo\GameProjectTwo\OrtoMap.h(231,120): warning C4244: 'argument': conversion from 'T' to 'T', possible loss of data
          with
          [
              T=unsigned int
          ]
          and
          [
              T=float
          ]
C:\Users\Kmont\source\repos\GameProjectTwo\GameProjectTwo\OrtoMap.h(231,101): warning C4244: 'argument': conversion from 'T' to 'T', possible loss of data
          with
          [
              T=unsigned int
          ]
          and
          [
              T=float
          ]
C:\Users\Kmont\source\repos\GameProjectTwo\GameProjectTwo\OrtoMap.h(231,204): warning C4244: 'argument': conversion from 'T' to 'T', possible loss of data
          with
          [
              T=unsigned int
          ]
          and
          [
              T=float
          ]
C:\Users\Kmont\source\repos\GameProjectTwo\GameProjectTwo\OrtoMap.h(231,185): warning C4244: 'argument': conversion from 'T' to 'T', possible loss of data
          with
          [
              T=unsigned int
          ]
          and
          [
              T=float
          ]
C:\Users\Kmont\source\repos\GameProjectTwo\GameProjectTwo\OrtoMap.h(232,106): warning C4244: 'argument': conversion from 'T' to 'T', possible loss of data
          with
          [
              T=unsigned int
          ]
          and
          [
              T=float
          ]
C:\Users\Kmont\source\repos\GameProjectTwo\GameProjectTwo\OrtoMap.h(232,176): warning C4244: 'argument': conversion from 'T' to 'T', possible loss of data
          with
          [
              T=unsigned int
          ]
          and
          [
              T=float
          ]
C:\Users\Kmont\source\repos\GameProjectTwo\GameProjectTwo\OrtoMap.h(286,22): warning C4244: 'return': conversion from 'T' to 'int', possible loss of data
          with
          [
              T=float
          ]
C:\Users\Kmont\source\repos\GameProjectTwo\GameProjectTwo\OrtoMap.h(465,25): warning C4244: 'initializing': conversion from 'float' to 'uint32_t', possible loss of data
C:\Users\Kmont\source\repos\GameProjectTwo\GameProjectTwo\OrtoMap.h(466,25): warning C4244: 'initializing': conversion from 'float' to 'uint32_t', possible loss of data
C:\Users\Kmont\source\repos\GameProjectTwo\GameProjectTwo\OrtoMap.h(467,76): warning C4244: '=': conversion from 'T' to 'T', possible loss of data
          with
          [
              T=float
          ]
          and
          [
              T=unsigned int
          ]
C:\Users\Kmont\source\repos\GameProjectTwo\GameProjectTwo\OrtoMap.h(468,76): warning C4244: '=': conversion from 'T' to 'T', possible loss of data
          with
          [
              T=float
          ]
          and
          [
              T=unsigned int
          ]
C:\Users\Kmont\source\repos\GameProjectTwo\GameProjectTwo\Entities\Characters\ComputerPlayers\Enemies\Trash.cpp(102,40): warning C4305: 'argument': truncation from 'double' to 'float'
  FireChicken.cpp
C:\Users\Kmont\source\repos\GameProjectTwo\GameProjectTwo\OrtoMap.h(161,35): warning C4244: '=': conversion from 'T' to 'T', possible loss of data
          with
          [
              T=int
          ]
          and
          [
              T=float
          ]
C:\Users\Kmont\source\repos\GameProjectTwo\GameProjectTwo\OrtoMap.h(162,35): warning C4244: '=': conversion from 'T' to 'T', possible loss of data
          with
          [
              T=int
          ]
          and
          [
              T=float
          ]
C:\Users\Kmont\source\repos\GameProjectTwo\GameProjectTwo\OrtoMap.h(220,55): warning C4244: 'argument': conversion from 'size_t' to 'T', possible loss of data
          with
          [
              T=float
          ]
C:\Users\Kmont\source\repos\GameProjectTwo\GameProjectTwo\OrtoMap.h(223,89): warning C4244: 'argument': conversion from 'uint32_t' to 'T', possible loss of data
          with
          [
              T=float
          ]
C:\Users\Kmont\source\repos\GameProjectTwo\GameProjectTwo\OrtoMap.h(223,60): warning C4244: 'argument': conversion from 'uint32_t' to 'T', possible loss of data
          with
          [
              T=float
          ]
C:\Users\Kmont\source\repos\GameProjectTwo\GameProjectTwo\OrtoMap.h(230,101): warning C4244: 'argument': conversion from 'T' to 'T', possible loss of data
          with
          [
              T=unsigned int
          ]
          and
          [
              T=float
          ]
C:\Users\Kmont\source\repos\GameProjectTwo\GameProjectTwo\OrtoMap.h(230,171): warning C4244: 'argument': conversion from 'T' to 'T', possible loss of data
          with
          [
              T=unsigned int
          ]
          and
          [
              T=float
          ]
C:\Users\Kmont\source\repos\GameProjectTwo\GameProjectTwo\OrtoMap.h(231,120): warning C4244: 'argument': conversion from 'T' to 'T', possible loss of data
          with
          [
              T=unsigned int
          ]
          and
          [
              T=float
          ]
C:\Users\Kmont\source\repos\GameProjectTwo\GameProjectTwo\OrtoMap.h(231,101): warning C4244: 'argument': conversion from 'T' to 'T', possible loss of data
          with
          [
              T=unsigned int
          ]
          and
          [
              T=float
          ]
C:\Users\Kmont\source\repos\GameProjectTwo\GameProjectTwo\OrtoMap.h(231,204): warning C4244: 'argument': conversion from 'T' to 'T', possible loss of data
          with
          [
              T=unsigned int
          ]
          and
          [
              T=float
          ]
C:\Users\Kmont\source\repos\GameProjectTwo\GameProjectTwo\OrtoMap.h(231,185): warning C4244: 'argument': conversion from 'T' to 'T', possible loss of data
          with
          [
              T=unsigned int
          ]
          and
          [
              T=float
          ]
C:\Users\Kmont\source\repos\GameProjectTwo\GameProjectTwo\OrtoMap.h(232,106): warning C4244: 'argument': conversion from 'T' to 'T', possible loss of data
          with
          [
              T=unsigned int
          ]
          and
          [
              T=float
          ]
C:\Users\Kmont\source\repos\GameProjectTwo\GameProjectTwo\OrtoMap.h(232,176): warning C4244: 'argument': conversion from 'T' to 'T', possible loss of data
          with
          [
              T=unsigned int
          ]
          and
          [
              T=float
          ]
C:\Users\Kmont\source\repos\GameProjectTwo\GameProjectTwo\OrtoMap.h(286,22): warning C4244: 'return': conversion from 'T' to 'int', possible loss of data
          with
          [
              T=float
          ]
C:\Users\Kmont\source\repos\GameProjectTwo\GameProjectTwo\OrtoMap.h(465,25): warning C4244: 'initializing': conversion from 'float' to 'uint32_t', possible loss of data
C:\Users\Kmont\source\repos\GameProjectTwo\GameProjectTwo\OrtoMap.h(466,25): warning C4244: 'initializing': conversion from 'float' to 'uint32_t', possible loss of data
C:\Users\Kmont\source\repos\GameProjectTwo\GameProjectTwo\OrtoMap.h(467,76): warning C4244: '=': conversion from 'T' to 'T', possible loss of data
          with
          [
              T=float
          ]
          and
          [
              T=unsigned int
          ]
C:\Users\Kmont\source\repos\GameProjectTwo\GameProjectTwo\OrtoMap.h(468,76): warning C4244: '=': conversion from 'T' to 'T', possible loss of data
          with
          [
              T=float
          ]
          and
          [
              T=unsigned int
          ]
C:\Users\Kmont\source\repos\GameProjectTwo\GameProjectTwo\Entities\Characters\ComputerPlayers\Enemies\FireChicken.cpp(112,72): warning C4244: 'argument': conversion from '_Rep' to 'unsigned int', possible loss of data
          with
          [
              _Rep=__int64
          ]
C:\Users\Kmont\source\repos\GameProjectTwo\GameProjectTwo\Entities\Characters\ComputerPlayers\Enemies\FireChicken.cpp(171,23): warning C4018: '<': signed/unsigned mismatch
C:\Users\Kmont\source\repos\GameProjectTwo\GameProjectTwo\Entities\Characters\ComputerPlayers\Enemies\FireChicken.cpp(176,23): warning C4018: '<': signed/unsigned mismatch
C:\Users\Kmont\source\repos\GameProjectTwo\GameProjectTwo\Entities\Characters\ComputerPlayers\Enemies\FireChicken.cpp(188,28): warning C4834: discarding return value of function with 'nodiscard' attribute
C:\Users\Kmont\source\repos\GameProjectTwo\GameProjectTwo\Entities\Characters\ComputerPlayers\Enemies\FireChicken.cpp(208,40): warning C4305: 'argument': truncation from 'double' to 'float'
  Game.cpp
C:\Users\Kmont\source\repos\GameProjectTwo\GameProjectTwo\OrtoMap.h(161,35): warning C4244: '=': conversion from 'T' to 'T', possible loss of data
          with
          [
              T=int
          ]
          and
          [
              T=float
          ]
C:\Users\Kmont\source\repos\GameProjectTwo\GameProjectTwo\OrtoMap.h(162,35): warning C4244: '=': conversion from 'T' to 'T', possible loss of data
          with
          [
              T=int
          ]
          and
          [
              T=float
          ]
C:\Users\Kmont\source\repos\GameProjectTwo\GameProjectTwo\OrtoMap.h(220,55): warning C4244: 'argument': conversion from 'size_t' to 'T', possible loss of data
          with
          [
              T=float
          ]
C:\Users\Kmont\source\repos\GameProjectTwo\GameProjectTwo\OrtoMap.h(223,89): warning C4244: 'argument': conversion from 'uint32_t' to 'T', possible loss of data
          with
          [
              T=float
          ]
C:\Users\Kmont\source\repos\GameProjectTwo\GameProjectTwo\OrtoMap.h(223,60): warning C4244: 'argument': conversion from 'uint32_t' to 'T', possible loss of data
          with
          [
              T=float
          ]
C:\Users\Kmont\source\repos\GameProjectTwo\GameProjectTwo\OrtoMap.h(230,101): warning C4244: 'argument': conversion from 'T' to 'T', possible loss of data
          with
          [
              T=unsigned int
          ]
          and
          [
              T=float
          ]
C:\Users\Kmont\source\repos\GameProjectTwo\GameProjectTwo\OrtoMap.h(230,171): warning C4244: 'argument': conversion from 'T' to 'T', possible loss of data
          with
          [
              T=unsigned int
          ]
          and
          [
              T=float
          ]
C:\Users\Kmont\source\repos\GameProjectTwo\GameProjectTwo\OrtoMap.h(231,120): warning C4244: 'argument': conversion from 'T' to 'T', possible loss of data
          with
          [
              T=unsigned int
          ]
          and
          [
              T=float
          ]
C:\Users\Kmont\source\repos\GameProjectTwo\GameProjectTwo\OrtoMap.h(231,101): warning C4244: 'argument': conversion from 'T' to 'T', possible loss of data
          with
          [
              T=unsigned int
          ]
          and
          [
              T=float
          ]
C:\Users\Kmont\source\repos\GameProjectTwo\GameProjectTwo\OrtoMap.h(231,204): warning C4244: 'argument': conversion from 'T' to 'T', possible loss of data
          with
          [
              T=unsigned int
          ]
          and
          [
              T=float
          ]
C:\Users\Kmont\source\repos\GameProjectTwo\GameProjectTwo\OrtoMap.h(231,185): warning C4244: 'argument': conversion from 'T' to 'T', possible loss of data
          with
          [
              T=unsigned int
          ]
          and
          [
              T=float
          ]
C:\Users\Kmont\source\repos\GameProjectTwo\GameProjectTwo\OrtoMap.h(232,106): warning C4244: 'argument': conversion from 'T' to 'T', possible loss of data
          with
          [
              T=unsigned int
          ]
          and
          [
              T=float
          ]
C:\Users\Kmont\source\repos\GameProjectTwo\GameProjectTwo\OrtoMap.h(232,176): warning C4244: 'argument': conversion from 'T' to 'T', possible loss of data
          with
          [
              T=unsigned int
          ]
          and
          [
              T=float
          ]
C:\Users\Kmont\source\repos\GameProjectTwo\GameProjectTwo\OrtoMap.h(286,22): warning C4244: 'return': conversion from 'T' to 'int', possible loss of data
          with
          [
              T=float
          ]
C:\Users\Kmont\source\repos\GameProjectTwo\GameProjectTwo\OrtoMap.h(465,25): warning C4244: 'initializing': conversion from 'float' to 'uint32_t', possible loss of data
C:\Users\Kmont\source\repos\GameProjectTwo\GameProjectTwo\OrtoMap.h(466,25): warning C4244: 'initializing': conversion from 'float' to 'uint32_t', possible loss of data
C:\Users\Kmont\source\repos\GameProjectTwo\GameProjectTwo\OrtoMap.h(467,76): warning C4244: '=': conversion from 'T' to 'T', possible loss of data
          with
          [
              T=float
          ]
          and
          [
              T=unsigned int
          ]
C:\Users\Kmont\source\repos\GameProjectTwo\GameProjectTwo\OrtoMap.h(468,76): warning C4244: '=': conversion from 'T' to 'T', possible loss of data
          with
          [
              T=float
          ]
          and
          [
              T=unsigned int
          ]
  Hero.cpp
C:\Users\Kmont\source\repos\GameProjectTwo\GameProjectTwo\OrtoMap.h(161,35): warning C4244: '=': conversion from 'T' to 'T', possible loss of data
          with
          [
              T=int
          ]
          and
          [
              T=float
          ]
C:\Users\Kmont\source\repos\GameProjectTwo\GameProjectTwo\OrtoMap.h(162,35): warning C4244: '=': conversion from 'T' to 'T', possible loss of data
          with
          [
              T=int
          ]
          and
          [
              T=float
          ]
C:\Users\Kmont\source\repos\GameProjectTwo\GameProjectTwo\OrtoMap.h(220,55): warning C4244: 'argument': conversion from 'size_t' to 'T', possible loss of data
          with
          [
              T=float
          ]
C:\Users\Kmont\source\repos\GameProjectTwo\GameProjectTwo\OrtoMap.h(223,89): warning C4244: 'argument': conversion from 'uint32_t' to 'T', possible loss of data
          with
          [
              T=float
          ]
C:\Users\Kmont\source\repos\GameProjectTwo\GameProjectTwo\OrtoMap.h(223,60): warning C4244: 'argument': conversion from 'uint32_t' to 'T', possible loss of data
          with
          [
              T=float
          ]
C:\Users\Kmont\source\repos\GameProjectTwo\GameProjectTwo\OrtoMap.h(230,101): warning C4244: 'argument': conversion from 'T' to 'T', possible loss of data
          with
          [
              T=unsigned int
          ]
          and
          [
              T=float
          ]
C:\Users\Kmont\source\repos\GameProjectTwo\GameProjectTwo\OrtoMap.h(230,171): warning C4244: 'argument': conversion from 'T' to 'T', possible loss of data
          with
          [
              T=unsigned int
          ]
          and
          [
              T=float
          ]
C:\Users\Kmont\source\repos\GameProjectTwo\GameProjectTwo\OrtoMap.h(231,120): warning C4244: 'argument': conversion from 'T' to 'T', possible loss of data
          with
          [
              T=unsigned int
          ]
          and
          [
              T=float
          ]
C:\Users\Kmont\source\repos\GameProjectTwo\GameProjectTwo\OrtoMap.h(231,101): warning C4244: 'argument': conversion from 'T' to 'T', possible loss of data
          with
          [
              T=unsigned int
          ]
          and
          [
              T=float
          ]
C:\Users\Kmont\source\repos\GameProjectTwo\GameProjectTwo\OrtoMap.h(231,204): warning C4244: 'argument': conversion from 'T' to 'T', possible loss of data
          with
          [
              T=unsigned int
          ]
          and
          [
              T=float
          ]
C:\Users\Kmont\source\repos\GameProjectTwo\GameProjectTwo\OrtoMap.h(231,185): warning C4244: 'argument': conversion from 'T' to 'T', possible loss of data
          with
          [
              T=unsigned int
          ]
          and
          [
              T=float
          ]
C:\Users\Kmont\source\repos\GameProjectTwo\GameProjectTwo\OrtoMap.h(232,106): warning C4244: 'argument': conversion from 'T' to 'T', possible loss of data
          with
          [
              T=unsigned int
          ]
          and
          [
              T=float
          ]
C:\Users\Kmont\source\repos\GameProjectTwo\GameProjectTwo\OrtoMap.h(232,176): warning C4244: 'argument': conversion from 'T' to 'T', possible loss of data
          with
          [
              T=unsigned int
          ]
          and
          [
              T=float
          ]
C:\Users\Kmont\source\repos\GameProjectTwo\GameProjectTwo\OrtoMap.h(286,22): warning C4244: 'return': conversion from 'T' to 'int', possible loss of data
          with
          [
              T=float
          ]
C:\Users\Kmont\source\repos\GameProjectTwo\GameProjectTwo\OrtoMap.h(465,25): warning C4244: 'initializing': conversion from 'float' to 'uint32_t', possible loss of data
C:\Users\Kmont\source\repos\GameProjectTwo\GameProjectTwo\OrtoMap.h(466,25): warning C4244: 'initializing': conversion from 'float' to 'uint32_t', possible loss of data
C:\Users\Kmont\source\repos\GameProjectTwo\GameProjectTwo\OrtoMap.h(467,76): warning C4244: '=': conversion from 'T' to 'T', possible loss of data
          with
          [
              T=float
          ]
          and
          [
              T=unsigned int
          ]
C:\Users\Kmont\source\repos\GameProjectTwo\GameProjectTwo\OrtoMap.h(468,76): warning C4244: '=': conversion from 'T' to 'T', possible loss of data
          with
          [
              T=float
          ]
          and
          [
              T=unsigned int
          ]
C:\Users\Kmont\source\repos\GameProjectTwo\GameProjectTwo\Entities\Characters\Hero\Hero.cpp(148,22): warning C4018: '<': signed/unsigned mismatch
C:\Users\Kmont\source\repos\GameProjectTwo\GameProjectTwo\Entities\Characters\Hero\Hero.cpp(159,26): warning C4834: discarding return value of function with 'nodiscard' attribute
C:\Users\Kmont\source\repos\GameProjectTwo\GameProjectTwo\Entities\Characters\Hero\Hero.cpp(232,23): warning C4018: '<': signed/unsigned mismatch
C:\Users\Kmont\source\repos\GameProjectTwo\GameProjectTwo\Entities\Characters\Hero\Hero.cpp(260,41): warning C4305: 'argument': truncation from 'double' to 'float'
  Main.cpp
C:\Users\Kmont\source\repos\GameProjectTwo\GameProjectTwo\OrtoMap.h(161,35): warning C4244: '=': conversion from 'T' to 'T', possible loss of data
          with
          [
              T=int
          ]
          and
          [
              T=float
          ]
C:\Users\Kmont\source\repos\GameProjectTwo\GameProjectTwo\OrtoMap.h(162,35): warning C4244: '=': conversion from 'T' to 'T', possible loss of data
          with
          [
              T=int
          ]
          and
          [
              T=float
          ]
C:\Users\Kmont\source\repos\GameProjectTwo\GameProjectTwo\OrtoMap.h(220,55): warning C4244: 'argument': conversion from 'size_t' to 'T', possible loss of data
          with
          [
              T=float
          ]
C:\Users\Kmont\source\repos\GameProjectTwo\GameProjectTwo\OrtoMap.h(223,89): warning C4244: 'argument': conversion from 'uint32_t' to 'T', possible loss of data
          with
          [
              T=float
          ]
C:\Users\Kmont\source\repos\GameProjectTwo\GameProjectTwo\OrtoMap.h(223,60): warning C4244: 'argument': conversion from 'uint32_t' to 'T', possible loss of data
          with
          [
              T=float
          ]
C:\Users\Kmont\source\repos\GameProjectTwo\GameProjectTwo\OrtoMap.h(230,101): warning C4244: 'argument': conversion from 'T' to 'T', possible loss of data
          with
          [
              T=unsigned int
          ]
          and
          [
              T=float
          ]
C:\Users\Kmont\source\repos\GameProjectTwo\GameProjectTwo\OrtoMap.h(230,171): warning C4244: 'argument': conversion from 'T' to 'T', possible loss of data
          with
          [
              T=unsigned int
          ]
          and
          [
              T=float
          ]
C:\Users\Kmont\source\repos\GameProjectTwo\GameProjectTwo\OrtoMap.h(231,120): warning C4244: 'argument': conversion from 'T' to 'T', possible loss of data
          with
          [
              T=unsigned int
          ]
          and
          [
              T=float
          ]
C:\Users\Kmont\source\repos\GameProjectTwo\GameProjectTwo\OrtoMap.h(231,101): warning C4244: 'argument': conversion from 'T' to 'T', possible loss of data
          with
          [
              T=unsigned int
          ]
          and
          [
              T=float
          ]
C:\Users\Kmont\source\repos\GameProjectTwo\GameProjectTwo\OrtoMap.h(231,204): warning C4244: 'argument': conversion from 'T' to 'T', possible loss of data
          with
          [
              T=unsigned int
          ]
          and
          [
              T=float
          ]
C:\Users\Kmont\source\repos\GameProjectTwo\GameProjectTwo\OrtoMap.h(231,185): warning C4244: 'argument': conversion from 'T' to 'T', possible loss of data
          with
          [
              T=unsigned int
          ]
          and
          [
              T=float
          ]
C:\Users\Kmont\source\repos\GameProjectTwo\GameProjectTwo\OrtoMap.h(232,106): warning C4244: 'argument': conversion from 'T' to 'T', possible loss of data
          with
          [
              T=unsigned int
          ]
          and
          [
              T=float
          ]
C:\Users\Kmont\source\repos\GameProjectTwo\GameProjectTwo\OrtoMap.h(232,176): warning C4244: 'argument': conversion from 'T' to 'T', possible loss of data
          with
          [
              T=unsigned int
          ]
          and
          [
              T=float
          ]
C:\Users\Kmont\source\repos\GameProjectTwo\GameProjectTwo\OrtoMap.h(286,22): warning C4244: 'return': conversion from 'T' to 'int', possible loss of data
          with
          [
              T=float
          ]
C:\Users\Kmont\source\repos\GameProjectTwo\GameProjectTwo\OrtoMap.h(465,25): warning C4244: 'initializing': conversion from 'float' to 'uint32_t', possible loss of data
C:\Users\Kmont\source\repos\GameProjectTwo\GameProjectTwo\OrtoMap.h(466,25): warning C4244: 'initializing': conversion from 'float' to 'uint32_t', possible loss of data
C:\Users\Kmont\source\repos\GameProjectTwo\GameProjectTwo\OrtoMap.h(467,76): warning C4244: '=': conversion from 'T' to 'T', possible loss of data
          with
          [
              T=float
          ]
          and
          [
              T=unsigned int
          ]
C:\Users\Kmont\source\repos\GameProjectTwo\GameProjectTwo\OrtoMap.h(468,76): warning C4244: '=': conversion from 'T' to 'T', possible loss of data
          with
          [
              T=float
          ]
          and
          [
              T=unsigned int
          ]
  GameMap.cpp
C:\Users\Kmont\source\repos\GameProjectTwo\GameProjectTwo\OrtoMap.h(161,35): warning C4244: '=': conversion from 'T' to 'T', possible loss of data
          with
          [
              T=int
          ]
          and
          [
              T=float
          ]
C:\Users\Kmont\source\repos\GameProjectTwo\GameProjectTwo\OrtoMap.h(162,35): warning C4244: '=': conversion from 'T' to 'T', possible loss of data
          with
          [
              T=int
          ]
          and
          [
              T=float
          ]
C:\Users\Kmont\source\repos\GameProjectTwo\GameProjectTwo\OrtoMap.h(220,55): warning C4244: 'argument': conversion from 'size_t' to 'T', possible loss of data
          with
          [
              T=float
          ]
C:\Users\Kmont\source\repos\GameProjectTwo\GameProjectTwo\OrtoMap.h(223,89): warning C4244: 'argument': conversion from 'uint32_t' to 'T', possible loss of data
          with
          [
              T=float
          ]
C:\Users\Kmont\source\repos\GameProjectTwo\GameProjectTwo\OrtoMap.h(223,60): warning C4244: 'argument': conversion from 'uint32_t' to 'T', possible loss of data
          with
          [
              T=float
          ]
C:\Users\Kmont\source\repos\GameProjectTwo\GameProjectTwo\OrtoMap.h(230,101): warning C4244: 'argument': conversion from 'T' to 'T', possible loss of data
          with
          [
              T=unsigned int
          ]
          and
          [
              T=float
          ]
C:\Users\Kmont\source\repos\GameProjectTwo\GameProjectTwo\OrtoMap.h(230,171): warning C4244: 'argument': conversion from 'T' to 'T', possible loss of data
          with
          [
              T=unsigned int
          ]
          and
          [
              T=float
          ]
C:\Users\Kmont\source\repos\GameProjectTwo\GameProjectTwo\OrtoMap.h(231,120): warning C4244: 'argument': conversion from 'T' to 'T', possible loss of data
          with
          [
              T=unsigned int
          ]
          and
          [
              T=float
          ]
C:\Users\Kmont\source\repos\GameProjectTwo\GameProjectTwo\OrtoMap.h(231,101): warning C4244: 'argument': conversion from 'T' to 'T', possible loss of data
          with
          [
              T=unsigned int
          ]
          and
          [
              T=float
          ]
C:\Users\Kmont\source\repos\GameProjectTwo\GameProjectTwo\OrtoMap.h(231,204): warning C4244: 'argument': conversion from 'T' to 'T', possible loss of data
          with
          [
              T=unsigned int
          ]
          and
          [
              T=float
          ]
C:\Users\Kmont\source\repos\GameProjectTwo\GameProjectTwo\OrtoMap.h(231,185): warning C4244: 'argument': conversion from 'T' to 'T', possible loss of data
          with
          [
              T=unsigned int
          ]
          and
          [
              T=float
          ]
C:\Users\Kmont\source\repos\GameProjectTwo\GameProjectTwo\OrtoMap.h(232,106): warning C4244: 'argument': conversion from 'T' to 'T', possible loss of data
          with
          [
              T=unsigned int
          ]
          and
          [
              T=float
          ]
C:\Users\Kmont\source\repos\GameProjectTwo\GameProjectTwo\OrtoMap.h(232,176): warning C4244: 'argument': conversion from 'T' to 'T', possible loss of data
          with
          [
              T=unsigned int
          ]
          and
          [
              T=float
          ]
C:\Users\Kmont\source\repos\GameProjectTwo\GameProjectTwo\OrtoMap.h(286,22): warning C4244: 'return': conversion from 'T' to 'int', possible loss of data
          with
          [
              T=float
          ]
C:\Users\Kmont\source\repos\GameProjectTwo\GameProjectTwo\OrtoMap.h(465,25): warning C4244: 'initializing': conversion from 'float' to 'uint32_t', possible loss of data
C:\Users\Kmont\source\repos\GameProjectTwo\GameProjectTwo\OrtoMap.h(466,25): warning C4244: 'initializing': conversion from 'float' to 'uint32_t', possible loss of data
C:\Users\Kmont\source\repos\GameProjectTwo\GameProjectTwo\OrtoMap.h(467,76): warning C4244: '=': conversion from 'T' to 'T', possible loss of data
          with
          [
              T=float
          ]
          and
          [
              T=unsigned int
          ]
C:\Users\Kmont\source\repos\GameProjectTwo\GameProjectTwo\OrtoMap.h(468,76): warning C4244: '=': conversion from 'T' to 'T', possible loss of data
          with
          [
              T=float
          ]
          and
          [
              T=unsigned int
          ]
C:\Users\Kmont\source\repos\GameProjectTwo\GameProjectTwo\GameMap.cpp(57,23): warning C4018: '<=': signed/unsigned mismatch
C:\Users\Kmont\source\repos\GameProjectTwo\GameProjectTwo\GameMap.cpp(123,23): warning C4018: '<': signed/unsigned mismatch
C:\Users\Kmont\source\repos\GameProjectTwo\GameProjectTwo\GameMap.cpp(124,27): warning C4018: '<': signed/unsigned mismatch
C:\Users\Kmont\source\repos\GameProjectTwo\GameProjectTwo\GameMap.cpp(195,23): warning C4018: '<': signed/unsigned mismatch
C:\Users\Kmont\source\repos\GameProjectTwo\GameProjectTwo\GameMap.cpp(200,80): warning C4244: 'argument': conversion from '_Rep' to 'unsigned int', possible loss of data
          with
          [
              _Rep=__int64
          ]
C:\Users\Kmont\source\repos\GameProjectTwo\GameProjectTwo\GameMap.cpp(216,23): warning C4018: '<': signed/unsigned mismatch
C:\Users\Kmont\source\repos\GameProjectTwo\GameProjectTwo\GameMap.cpp(234,23): warning C4018: '<': signed/unsigned mismatch
C:\Users\Kmont\source\repos\GameProjectTwo\GameProjectTwo\GameMap.cpp(238,84): warning C4244: 'argument': conversion from '_Rep' to 'unsigned int', possible loss of data
          with
          [
              _Rep=__int64
          ]
C:\Users\Kmont\source\repos\GameProjectTwo\GameProjectTwo\GameMap.cpp(242,88): warning C4244: 'argument': conversion from '_Rep' to 'unsigned int', possible loss of data
          with
          [
              _Rep=__int64
          ]
C:\Users\Kmont\source\repos\GameProjectTwo\GameProjectTwo\GameMap.cpp(255,23): warning C4018: '<': signed/unsigned mismatch
C:\Users\Kmont\source\repos\GameProjectTwo\GameProjectTwo\GameMap.cpp(256,27): warning C4018: '<': signed/unsigned mismatch
     Creating library C:\Users\Kmont\source\repos\GameProjectTwo\Release\GameProjectTwo.lib and object C:\Users\Kmont\source\repos\GameProjectTwo\Release\GameProjectTwo.exp
  Generating code
C:\Users\Kmont\source\repos\GameProjectTwo\GameProjectTwo\GameMap.cpp(170): warning C4715: 'GameMap::getPlayerStartPosition': not all control paths return a value
  87 of 1876 functions ( 4.6%) were compiled, the rest were copied from previous compilation.
    5 functions were new in current compilation
    221 functions had inline decision re-evaluated but remain unchanged
  Finished generating code
  GameProjectTwo.vcxproj -> C:\Users\Kmont\source\repos\GameProjectTwo\Release\GameProjectTwo.exe
